nohup: ignoring input
Use GPU with index 1
Initialization finished ...
Random seed is set to 999
Use GPU with index 1
Load dataset and database finished, cost 7.3148s ...
Dataset size: train -> 5119 ; dev -> 895
Total training steps: 16000
Start training ......
Training: 	Epoch: 0	Time: 7.9723	Training Loss: 0.8089
Evaluation: 	Epoch: 0	Time: 0.5039	Dev acc: 72.07	Dev fscore(p/r/f): (76.96/74.56/75.74)
NEW BEST MODEL: 	Epoch: 0	Dev loss: 0.4864	Dev acc: 72.07	Dev fscore(p/r/f): (76.96/74.56/75.74)
Training: 	Epoch: 1	Time: 7.4747	Training Loss: 0.4017
Evaluation: 	Epoch: 1	Time: 0.5305	Dev acc: 70.95	Dev fscore(p/r/f): (74.84/73.51/74.17)
Training: 	Epoch: 2	Time: 7.3162	Training Loss: 0.3008
Evaluation: 	Epoch: 2	Time: 0.5310	Dev acc: 70.06	Dev fscore(p/r/f): (75.83/73.62/74.71)
Training: 	Epoch: 3	Time: 7.2519	Training Loss: 0.2168
Evaluation: 	Epoch: 3	Time: 0.5296	Dev acc: 69.61	Dev fscore(p/r/f): (79.36/72.16/75.59)
Training: 	Epoch: 4	Time: 6.8887	Training Loss: 0.1533
Evaluation: 	Epoch: 4	Time: 0.5167	Dev acc: 70.84	Dev fscore(p/r/f): (78.02/73.31/75.59)
Training: 	Epoch: 5	Time: 6.7018	Training Loss: 0.1196
Evaluation: 	Epoch: 5	Time: 0.5388	Dev acc: 68.04	Dev fscore(p/r/f): (78.03/71.12/74.41)
Training: 	Epoch: 6	Time: 6.7665	Training Loss: 0.1038
Evaluation: 	Epoch: 6	Time: 0.5329	Dev acc: 69.72	Dev fscore(p/r/f): (78.31/72.68/75.39)
Training: 	Epoch: 7	Time: 6.7064	Training Loss: 0.0797
Evaluation: 	Epoch: 7	Time: 0.5458	Dev acc: 69.16	Dev fscore(p/r/f): (80.84/72.16/76.25)
Training: 	Epoch: 8	Time: 6.7813	Training Loss: 0.0577
Evaluation: 	Epoch: 8	Time: 0.5270	Dev acc: 69.16	Dev fscore(p/r/f): (80.87/71.85/76.09)
Training: 	Epoch: 9	Time: 6.7397	Training Loss: 0.0490
Evaluation: 	Epoch: 9	Time: 0.5193	Dev acc: 71.06	Dev fscore(p/r/f): (80.87/73.62/77.07)
Training: 	Epoch: 10	Time: 6.7458	Training Loss: 0.0402
Evaluation: 	Epoch: 10	Time: 0.5203	Dev acc: 70.61	Dev fscore(p/r/f): (79.44/74.14/76.70)
Training: 	Epoch: 11	Time: 6.7485	Training Loss: 0.0363
Evaluation: 	Epoch: 11	Time: 0.4954	Dev acc: 70.95	Dev fscore(p/r/f): (80.68/74.04/77.22)
Training: 	Epoch: 12	Time: 6.7773	Training Loss: 0.0327
Evaluation: 	Epoch: 12	Time: 0.5306	Dev acc: 71.62	Dev fscore(p/r/f): (80.65/74.77/77.60)
Training: 	Epoch: 13	Time: 6.7468	Training Loss: 0.0305
Evaluation: 	Epoch: 13	Time: 0.5184	Dev acc: 70.84	Dev fscore(p/r/f): (80.34/73.72/76.89)
Training: 	Epoch: 14	Time: 6.7249	Training Loss: 0.0276
Evaluation: 	Epoch: 14	Time: 0.5297	Dev acc: 70.61	Dev fscore(p/r/f): (79.86/73.20/76.39)
Training: 	Epoch: 15	Time: 6.7563	Training Loss: 0.0255
Evaluation: 	Epoch: 15	Time: 0.5304	Dev acc: 71.84	Dev fscore(p/r/f): (80.65/74.77/77.60)
Training: 	Epoch: 16	Time: 6.6382	Training Loss: 0.0254
Evaluation: 	Epoch: 16	Time: 0.5221	Dev acc: 72.63	Dev fscore(p/r/f): (80.83/75.18/77.90)
NEW BEST MODEL: 	Epoch: 16	Dev loss: 1.2105	Dev acc: 72.63	Dev fscore(p/r/f): (80.83/75.18/77.90)
Training: 	Epoch: 17	Time: 6.7684	Training Loss: 0.0240
Evaluation: 	Epoch: 17	Time: 0.5265	Dev acc: 70.95	Dev fscore(p/r/f): (79.53/74.14/76.74)
Training: 	Epoch: 18	Time: 6.7028	Training Loss: 0.0243
Evaluation: 	Epoch: 18	Time: 0.5260	Dev acc: 70.73	Dev fscore(p/r/f): (80.69/73.20/76.76)
Training: 	Epoch: 19	Time: 6.6823	Training Loss: 0.0236
Evaluation: 	Epoch: 19	Time: 0.5161	Dev acc: 70.95	Dev fscore(p/r/f): (80.32/73.62/76.82)
Training: 	Epoch: 20	Time: 6.6980	Training Loss: 0.0242
Evaluation: 	Epoch: 20	Time: 0.5191	Dev acc: 70.06	Dev fscore(p/r/f): (80.60/72.37/76.26)
Training: 	Epoch: 21	Time: 6.7334	Training Loss: 0.0245
Evaluation: 	Epoch: 21	Time: 0.5313	Dev acc: 70.50	Dev fscore(p/r/f): (79.93/73.10/76.36)
Training: 	Epoch: 22	Time: 6.6545	Training Loss: 0.0668
Evaluation: 	Epoch: 22	Time: 0.5211	Dev acc: 68.94	Dev fscore(p/r/f): (75.85/69.76/72.68)
Training: 	Epoch: 23	Time: 6.7130	Training Loss: 0.1409
Evaluation: 	Epoch: 23	Time: 0.5240	Dev acc: 70.50	Dev fscore(p/r/f): (78.40/74.56/76.43)
Training: 	Epoch: 24	Time: 6.6782	Training Loss: 0.0645
Evaluation: 	Epoch: 24	Time: 0.5150	Dev acc: 69.61	Dev fscore(p/r/f): (78.91/72.58/75.61)
Training: 	Epoch: 25	Time: 6.6927	Training Loss: 0.0444
Evaluation: 	Epoch: 25	Time: 0.5233	Dev acc: 70.28	Dev fscore(p/r/f): (79.46/72.99/76.09)
Training: 	Epoch: 26	Time: 6.6918	Training Loss: 0.0290
Evaluation: 	Epoch: 26	Time: 0.5134	Dev acc: 69.72	Dev fscore(p/r/f): (81.19/72.47/76.58)
Training: 	Epoch: 27	Time: 6.6348	Training Loss: 0.0258
Evaluation: 	Epoch: 27	Time: 0.5106	Dev acc: 70.61	Dev fscore(p/r/f): (81.13/73.10/76.91)
Training: 	Epoch: 28	Time: 6.7020	Training Loss: 0.0245
Evaluation: 	Epoch: 28	Time: 0.5186	Dev acc: 71.40	Dev fscore(p/r/f): (80.50/74.04/77.13)
Training: 	Epoch: 29	Time: 6.6847	Training Loss: 0.0239
Evaluation: 	Epoch: 29	Time: 0.5216	Dev acc: 71.06	Dev fscore(p/r/f): (80.66/73.51/76.92)
Training: 	Epoch: 30	Time: 7.1177	Training Loss: 0.0232
Evaluation: 	Epoch: 30	Time: 0.5421	Dev acc: 70.84	Dev fscore(p/r/f): (80.85/73.51/77.01)
Training: 	Epoch: 31	Time: 6.7956	Training Loss: 0.0234
Evaluation: 	Epoch: 31	Time: 0.5374	Dev acc: 71.28	Dev fscore(p/r/f): (81.12/73.93/77.36)
Training: 	Epoch: 32	Time: 6.6872	Training Loss: 0.0224
Evaluation: 	Epoch: 32	Time: 0.5301	Dev acc: 71.28	Dev fscore(p/r/f): (80.59/74.04/77.17)
Training: 	Epoch: 33	Time: 6.7473	Training Loss: 0.0226
Evaluation: 	Epoch: 33	Time: 0.5317	Dev acc: 70.50	Dev fscore(p/r/f): (80.62/73.31/76.79)
Training: 	Epoch: 34	Time: 7.2143	Training Loss: 0.0226
Evaluation: 	Epoch: 34	Time: 0.5700	Dev acc: 71.40	Dev fscore(p/r/f): (80.54/74.24/77.27)
Training: 	Epoch: 35	Time: 7.9538	Training Loss: 0.0227
Evaluation: 	Epoch: 35	Time: 0.4149	Dev acc: 70.95	Dev fscore(p/r/f): (80.99/73.72/77.18)
Training: 	Epoch: 36	Time: 7.8307	Training Loss: 0.0232
Evaluation: 	Epoch: 36	Time: 0.4042	Dev acc: 71.17	Dev fscore(p/r/f): (80.84/74.35/77.46)
Training: 	Epoch: 37	Time: 7.8087	Training Loss: 0.0236
Evaluation: 	Epoch: 37	Time: 0.4206	Dev acc: 69.94	Dev fscore(p/r/f): (80.09/72.58/76.15)
Training: 	Epoch: 38	Time: 7.7917	Training Loss: 0.0221
Evaluation: 	Epoch: 38	Time: 0.4124	Dev acc: 70.84	Dev fscore(p/r/f): (80.71/73.72/77.06)
Training: 	Epoch: 39	Time: 7.7601	Training Loss: 0.0219
Evaluation: 	Epoch: 39	Time: 0.4109	Dev acc: 71.28	Dev fscore(p/r/f): (82.10/74.14/77.92)
Training: 	Epoch: 40	Time: 7.8320	Training Loss: 0.0222
Evaluation: 	Epoch: 40	Time: 0.4105	Dev acc: 70.73	Dev fscore(p/r/f): (81.69/73.51/77.39)
Training: 	Epoch: 41	Time: 7.7811	Training Loss: 0.0218
Evaluation: 	Epoch: 41	Time: 0.4082	Dev acc: 70.73	Dev fscore(p/r/f): (82.08/73.10/77.33)
Training: 	Epoch: 42	Time: 7.8467	Training Loss: 0.0211
Evaluation: 	Epoch: 42	Time: 0.4086	Dev acc: 71.17	Dev fscore(p/r/f): (81.90/73.62/77.54)
Training: 	Epoch: 43	Time: 7.6944	Training Loss: 0.0215
Evaluation: 	Epoch: 43	Time: 0.4060	Dev acc: 71.40	Dev fscore(p/r/f): (81.89/74.04/77.77)
Training: 	Epoch: 44	Time: 7.8283	Training Loss: 0.0214
Evaluation: 	Epoch: 44	Time: 0.4043	Dev acc: 71.17	Dev fscore(p/r/f): (80.50/74.04/77.13)
Training: 	Epoch: 45	Time: 7.7659	Training Loss: 0.0213
Evaluation: 	Epoch: 45	Time: 0.4044	Dev acc: 71.62	Dev fscore(p/r/f): (81.84/74.24/77.86)
Training: 	Epoch: 46	Time: 7.7713	Training Loss: 0.0219
Evaluation: 	Epoch: 46	Time: 0.4059	Dev acc: 71.06	Dev fscore(p/r/f): (80.94/73.93/77.28)
Training: 	Epoch: 47	Time: 7.8304	Training Loss: 0.0229
Evaluation: 	Epoch: 47	Time: 0.4053	Dev acc: 70.06	Dev fscore(p/r/f): (79.19/72.99/75.96)
Training: 	Epoch: 48	Time: 7.7056	Training Loss: 0.0288
Evaluation: 	Epoch: 48	Time: 0.4232	Dev acc: 69.50	Dev fscore(p/r/f): (78.98/72.47/75.58)
Training: 	Epoch: 49	Time: 7.9292	Training Loss: 0.1069
Evaluation: 	Epoch: 49	Time: 0.4094	Dev acc: 71.17	Dev fscore(p/r/f): (79.00/74.14/76.49)
Training: 	Epoch: 50	Time: 8.0091	Training Loss: 0.0715
Evaluation: 	Epoch: 50	Time: 0.4035	Dev acc: 70.17	Dev fscore(p/r/f): (80.83/72.99/76.71)
Training: 	Epoch: 51	Time: 7.9354	Training Loss: 0.0357
Evaluation: 	Epoch: 51	Time: 0.4020	Dev acc: 70.28	Dev fscore(p/r/f): (80.72/72.89/76.60)
Training: 	Epoch: 52	Time: 6.9263	Training Loss: 0.0238
Evaluation: 	Epoch: 52	Time: 0.4033	Dev acc: 70.39	Dev fscore(p/r/f): (80.88/73.20/76.85)
Training: 	Epoch: 53	Time: 6.6562	Training Loss: 0.0227
Evaluation: 	Epoch: 53	Time: 0.4130	Dev acc: 70.84	Dev fscore(p/r/f): (81.21/73.93/77.40)
Training: 	Epoch: 54	Time: 6.5864	Training Loss: 0.0224
Evaluation: 	Epoch: 54	Time: 0.3972	Dev acc: 70.84	Dev fscore(p/r/f): (81.08/73.31/77.00)
Training: 	Epoch: 55	Time: 6.4875	Training Loss: 0.0213
Evaluation: 	Epoch: 55	Time: 0.4025	Dev acc: 70.73	Dev fscore(p/r/f): (81.03/73.51/77.09)
Training: 	Epoch: 56	Time: 6.6755	Training Loss: 0.0209
Evaluation: 	Epoch: 56	Time: 0.4058	Dev acc: 69.83	Dev fscore(p/r/f): (80.75/72.16/76.21)
Training: 	Epoch: 57	Time: 6.6874	Training Loss: 0.0216
Evaluation: 	Epoch: 57	Time: 0.4055	Dev acc: 70.39	Dev fscore(p/r/f): (80.71/73.31/76.83)
Training: 	Epoch: 58	Time: 6.8242	Training Loss: 0.0213
Evaluation: 	Epoch: 58	Time: 0.4072	Dev acc: 70.39	Dev fscore(p/r/f): (80.72/72.89/76.60)
Training: 	Epoch: 59	Time: 6.6376	Training Loss: 0.0218
Evaluation: 	Epoch: 59	Time: 0.4007	Dev acc: 70.50	Dev fscore(p/r/f): (81.01/73.41/77.02)
Training: 	Epoch: 60	Time: 6.6795	Training Loss: 0.0206
Evaluation: 	Epoch: 60	Time: 0.4024	Dev acc: 70.28	Dev fscore(p/r/f): (81.52/72.68/76.85)
Training: 	Epoch: 61	Time: 6.5850	Training Loss: 0.0209
Evaluation: 	Epoch: 61	Time: 0.4039	Dev acc: 70.50	Dev fscore(p/r/f): (81.25/73.20/77.02)
Training: 	Epoch: 62	Time: 6.5355	Training Loss: 0.0212
Evaluation: 	Epoch: 62	Time: 0.4016	Dev acc: 70.39	Dev fscore(p/r/f): (80.64/73.83/77.08)
Training: 	Epoch: 63	Time: 6.6249	Training Loss: 0.0209
Evaluation: 	Epoch: 63	Time: 0.4017	Dev acc: 70.50	Dev fscore(p/r/f): (80.92/72.99/76.75)
Training: 	Epoch: 64	Time: 6.5837	Training Loss: 0.0211
Evaluation: 	Epoch: 64	Time: 0.4091	Dev acc: 70.73	Dev fscore(p/r/f): (81.13/73.51/77.13)
Training: 	Epoch: 65	Time: 6.6023	Training Loss: 0.0205
Evaluation: 	Epoch: 65	Time: 0.4031	Dev acc: 70.50	Dev fscore(p/r/f): (81.68/72.99/77.09)
Training: 	Epoch: 66	Time: 6.6086	Training Loss: 0.0210
Evaluation: 	Epoch: 66	Time: 0.4247	Dev acc: 70.39	Dev fscore(p/r/f): (81.04/73.10/76.86)
Training: 	Epoch: 67	Time: 6.6826	Training Loss: 0.0208
Evaluation: 	Epoch: 67	Time: 0.4131	Dev acc: 70.50	Dev fscore(p/r/f): (81.30/72.99/76.92)
Training: 	Epoch: 68	Time: 6.6063	Training Loss: 0.0207
Evaluation: 	Epoch: 68	Time: 0.4116	Dev acc: 70.50	Dev fscore(p/r/f): (80.99/73.31/76.96)
Training: 	Epoch: 69	Time: 6.5666	Training Loss: 0.0206
Evaluation: 	Epoch: 69	Time: 0.4010	Dev acc: 70.28	Dev fscore(p/r/f): (80.55/73.41/76.81)
Training: 	Epoch: 70	Time: 6.5671	Training Loss: 0.0208
Evaluation: 	Epoch: 70	Time: 0.4119	Dev acc: 70.61	Dev fscore(p/r/f): (80.92/73.41/76.98)
Training: 	Epoch: 71	Time: 6.6222	Training Loss: 0.0208
Evaluation: 	Epoch: 71	Time: 0.4084	Dev acc: 70.50	Dev fscore(p/r/f): (81.62/72.68/76.89)
Training: 	Epoch: 72	Time: 6.6590	Training Loss: 0.0208
Evaluation: 	Epoch: 72	Time: 0.4140	Dev acc: 70.50	Dev fscore(p/r/f): (81.25/73.20/77.02)
Training: 	Epoch: 73	Time: 6.6511	Training Loss: 0.0203
Evaluation: 	Epoch: 73	Time: 0.4101	Dev acc: 70.61	Dev fscore(p/r/f): (80.76/73.51/76.97)
Training: 	Epoch: 74	Time: 6.5827	Training Loss: 0.0207
Evaluation: 	Epoch: 74	Time: 0.4040	Dev acc: 70.61	Dev fscore(p/r/f): (80.48/73.51/76.84)
Training: 	Epoch: 75	Time: 6.6275	Training Loss: 0.0205
Evaluation: 	Epoch: 75	Time: 0.4062	Dev acc: 70.06	Dev fscore(p/r/f): (81.05/72.68/76.64)
Training: 	Epoch: 76	Time: 6.6397	Training Loss: 0.0217
Evaluation: 	Epoch: 76	Time: 0.4082	Dev acc: 69.72	Dev fscore(p/r/f): (80.60/72.37/76.26)
Training: 	Epoch: 77	Time: 6.6284	Training Loss: 0.0207
Evaluation: 	Epoch: 77	Time: 0.4062	Dev acc: 70.50	Dev fscore(p/r/f): (80.69/73.20/76.76)
Training: 	Epoch: 78	Time: 6.6550	Training Loss: 0.0205
Evaluation: 	Epoch: 78	Time: 0.4022	Dev acc: 69.05	Dev fscore(p/r/f): (80.80/71.53/75.88)
Training: 	Epoch: 79	Time: 6.6962	Training Loss: 0.0209
Evaluation: 	Epoch: 79	Time: 0.4024	Dev acc: 69.61	Dev fscore(p/r/f): (79.56/72.26/75.74)
Training: 	Epoch: 80	Time: 6.6014	Training Loss: 0.0234
Evaluation: 	Epoch: 80	Time: 0.4043	Dev acc: 69.16	Dev fscore(p/r/f): (80.05/71.53/75.55)
Training: 	Epoch: 81	Time: 6.6269	Training Loss: 0.0614
Evaluation: 	Epoch: 81	Time: 0.4041	Dev acc: 70.17	Dev fscore(p/r/f): (79.48/73.10/76.15)
Training: 	Epoch: 82	Time: 6.7257	Training Loss: 0.0682
Evaluation: 	Epoch: 82	Time: 0.4009	Dev acc: 69.05	Dev fscore(p/r/f): (81.49/71.64/76.25)
Training: 	Epoch: 83	Time: 6.6217	Training Loss: 0.0371
Evaluation: 	Epoch: 83	Time: 0.4025	Dev acc: 68.60	Dev fscore(p/r/f): (79.58/71.12/75.11)
Training: 	Epoch: 84	Time: 6.6629	Training Loss: 0.0256
Evaluation: 	Epoch: 84	Time: 0.4144	Dev acc: 70.06	Dev fscore(p/r/f): (81.00/72.89/76.73)
Training: 	Epoch: 85	Time: 6.6030	Training Loss: 0.0215
Evaluation: 	Epoch: 85	Time: 0.4098	Dev acc: 70.73	Dev fscore(p/r/f): (82.03/73.31/77.42)
Training: 	Epoch: 86	Time: 6.6253	Training Loss: 0.0211
Evaluation: 	Epoch: 86	Time: 0.4040	Dev acc: 70.84	Dev fscore(p/r/f): (81.98/73.51/77.52)
Training: 	Epoch: 87	Time: 6.5891	Training Loss: 0.0201
Evaluation: 	Epoch: 87	Time: 0.4129	Dev acc: 70.28	Dev fscore(p/r/f): (81.02/72.99/76.80)
Training: 	Epoch: 88	Time: 6.6256	Training Loss: 0.0205
Evaluation: 	Epoch: 88	Time: 0.4104	Dev acc: 70.73	Dev fscore(p/r/f): (82.03/73.31/77.42)
Training: 	Epoch: 89	Time: 6.6086	Training Loss: 0.0205
Evaluation: 	Epoch: 89	Time: 0.3981	Dev acc: 70.39	Dev fscore(p/r/f): (81.16/73.20/76.97)
Training: 	Epoch: 90	Time: 6.6459	Training Loss: 0.0205
Evaluation: 	Epoch: 90	Time: 0.4115	Dev acc: 70.50	Dev fscore(p/r/f): (81.27/73.31/77.08)
Training: 	Epoch: 91	Time: 6.5860	Training Loss: 0.0204
Evaluation: 	Epoch: 91	Time: 0.4053	Dev acc: 70.95	Dev fscore(p/r/f): (81.85/73.83/77.63)
Training: 	Epoch: 92	Time: 6.5981	Training Loss: 0.0202
Evaluation: 	Epoch: 92	Time: 0.4073	Dev acc: 70.73	Dev fscore(p/r/f): (81.62/73.62/77.41)
Training: 	Epoch: 93	Time: 6.6765	Training Loss: 0.0204
Evaluation: 	Epoch: 93	Time: 0.4065	Dev acc: 70.84	Dev fscore(p/r/f): (82.00/73.62/77.58)
Training: 	Epoch: 94	Time: 6.5913	Training Loss: 0.0211
Evaluation: 	Epoch: 94	Time: 0.4041	Dev acc: 70.61	Dev fscore(p/r/f): (81.50/73.51/77.30)
Training: 	Epoch: 95	Time: 6.5934	Training Loss: 0.0209
Evaluation: 	Epoch: 95	Time: 0.4057	Dev acc: 70.95	Dev fscore(p/r/f): (82.36/73.51/77.69)
Training: 	Epoch: 96	Time: 6.6429	Training Loss: 0.0200
Evaluation: 	Epoch: 96	Time: 0.4024	Dev acc: 70.73	Dev fscore(p/r/f): (81.74/73.31/77.30)
Training: 	Epoch: 97	Time: 6.6714	Training Loss: 0.0205
Evaluation: 	Epoch: 97	Time: 0.4094	Dev acc: 70.73	Dev fscore(p/r/f): (81.36/73.72/77.35)
Training: 	Epoch: 98	Time: 6.6951	Training Loss: 0.0202
Evaluation: 	Epoch: 98	Time: 0.4020	Dev acc: 70.39	Dev fscore(p/r/f): (81.42/73.10/77.03)
Training: 	Epoch: 99	Time: 6.6112	Training Loss: 0.0202
Evaluation: 	Epoch: 99	Time: 0.4014	Dev acc: 70.28	Dev fscore(p/r/f): (81.89/73.10/77.25)
FINAL BEST RESULT: 	Epoch: 16	Dev loss: 1.2105	Dev acc: 72.6257	Dev fscore(p/r/f): (80.8296/75.1825/77.9038)
