nohup: ignoring input
Use GPU with index 1
Initialization finished ...
Random seed is set to 999
Use GPU with index 1
Load dataset and database finished, cost 2.1012s ...
Dataset size: train -> 5119 ; dev -> 895
Total training steps: 16000
Start training ......
Training: 	Epoch: 0	Time: 13.3518	Training Loss: 1.3383
Evaluation: 	Epoch: 0	Time: 0.4616	Dev acc: 57.32	Dev fscore(p/r/f): (66.92/55.06/60.41)
NEW BEST MODEL: 	Epoch: 0	Dev loss: 0.7807	Dev acc: 57.32	Dev fscore(p/r/f): (66.92/55.06/60.41)
Training: 	Epoch: 1	Time: 13.3944	Training Loss: 0.5983
Evaluation: 	Epoch: 1	Time: 0.4714	Dev acc: 67.60	Dev fscore(p/r/f): (78.88/67.78/72.91)
NEW BEST MODEL: 	Epoch: 1	Dev loss: 0.6122	Dev acc: 67.60	Dev fscore(p/r/f): (78.88/67.78/72.91)
Training: 	Epoch: 2	Time: 13.4468	Training Loss: 0.4466
Evaluation: 	Epoch: 2	Time: 0.5008	Dev acc: 68.83	Dev fscore(p/r/f): (75.62/70.18/72.80)
NEW BEST MODEL: 	Epoch: 2	Dev loss: 0.5554	Dev acc: 68.83	Dev fscore(p/r/f): (75.62/70.18/72.80)
Training: 	Epoch: 3	Time: 13.4220	Training Loss: 0.3734
Evaluation: 	Epoch: 3	Time: 0.4794	Dev acc: 67.49	Dev fscore(p/r/f): (79.85/68.20/73.57)
Training: 	Epoch: 4	Time: 13.5647	Training Loss: 0.3313
Evaluation: 	Epoch: 4	Time: 0.4915	Dev acc: 69.61	Dev fscore(p/r/f): (80.88/71.01/75.62)
NEW BEST MODEL: 	Epoch: 4	Dev loss: 0.6164	Dev acc: 69.61	Dev fscore(p/r/f): (80.88/71.01/75.62)
Training: 	Epoch: 5	Time: 13.7648	Training Loss: 0.2631
Evaluation: 	Epoch: 5	Time: 0.4887	Dev acc: 70.39	Dev fscore(p/r/f): (79.30/73.10/76.07)
NEW BEST MODEL: 	Epoch: 5	Dev loss: 0.5788	Dev acc: 70.39	Dev fscore(p/r/f): (79.30/73.10/76.07)
Training: 	Epoch: 6	Time: 12.9384	Training Loss: 0.2236
Evaluation: 	Epoch: 6	Time: 0.4625	Dev acc: 66.48	Dev fscore(p/r/f): (78.98/69.34/73.85)
Training: 	Epoch: 7	Time: 12.6366	Training Loss: 0.1866
Evaluation: 	Epoch: 7	Time: 0.4470	Dev acc: 68.94	Dev fscore(p/r/f): (79.91/72.16/75.84)
Training: 	Epoch: 8	Time: 12.3586	Training Loss: 0.1695
Evaluation: 	Epoch: 8	Time: 0.4519	Dev acc: 69.50	Dev fscore(p/r/f): (80.07/72.05/75.85)
Training: 	Epoch: 9	Time: 12.4879	Training Loss: 0.1550
Evaluation: 	Epoch: 9	Time: 0.4436	Dev acc: 68.04	Dev fscore(p/r/f): (81.18/70.59/75.52)
Training: 	Epoch: 10	Time: 14.7349	Training Loss: 0.1282
Evaluation: 	Epoch: 10	Time: 0.4436	Dev acc: 69.72	Dev fscore(p/r/f): (79.07/72.89/75.85)
Training: 	Epoch: 11	Time: 14.6458	Training Loss: 0.1131
Evaluation: 	Epoch: 11	Time: 0.4570	Dev acc: 70.28	Dev fscore(p/r/f): (79.82/72.99/76.25)
Training: 	Epoch: 12	Time: 14.3133	Training Loss: 0.1117
Evaluation: 	Epoch: 12	Time: 0.4378	Dev acc: 69.05	Dev fscore(p/r/f): (81.66/71.95/76.50)
Training: 	Epoch: 13	Time: 12.5308	Training Loss: 0.1021
Evaluation: 	Epoch: 13	Time: 0.4597	Dev acc: 68.60	Dev fscore(p/r/f): (78.85/71.53/75.01)
Training: 	Epoch: 14	Time: 13.2523	Training Loss: 0.0819
Evaluation: 	Epoch: 14	Time: 0.4643	Dev acc: 69.94	Dev fscore(p/r/f): (81.60/72.16/76.59)
Training: 	Epoch: 15	Time: 13.3174	Training Loss: 0.0721
Evaluation: 	Epoch: 15	Time: 0.4699	Dev acc: 67.04	Dev fscore(p/r/f): (79.86/69.86/74.53)
Training: 	Epoch: 16	Time: 14.3753	Training Loss: 0.0686
Evaluation: 	Epoch: 16	Time: 0.6233	Dev acc: 69.39	Dev fscore(p/r/f): (77.88/71.22/74.40)
Training: 	Epoch: 17	Time: 13.6783	Training Loss: 0.0592
Evaluation: 	Epoch: 17	Time: 0.6297	Dev acc: 67.60	Dev fscore(p/r/f): (76.70/70.70/73.58)
Training: 	Epoch: 18	Time: 13.3273	Training Loss: 0.0524
Evaluation: 	Epoch: 18	Time: 0.5731	Dev acc: 69.50	Dev fscore(p/r/f): (80.72/72.05/76.14)
Training: 	Epoch: 19	Time: 13.8495	Training Loss: 0.0428
Evaluation: 	Epoch: 19	Time: 0.6412	Dev acc: 69.83	Dev fscore(p/r/f): (79.57/72.68/75.97)
Training: 	Epoch: 20	Time: 13.6408	Training Loss: 0.0436
Evaluation: 	Epoch: 20	Time: 0.5896	Dev acc: 69.72	Dev fscore(p/r/f): (81.44/71.85/76.34)
Training: 	Epoch: 21	Time: 13.8023	Training Loss: 0.0389
Evaluation: 	Epoch: 21	Time: 0.5914	Dev acc: 67.60	Dev fscore(p/r/f): (79.76/70.28/74.72)
Training: 	Epoch: 22	Time: 13.8517	Training Loss: 0.0358
Evaluation: 	Epoch: 22	Time: 0.6177	Dev acc: 67.15	Dev fscore(p/r/f): (80.51/68.93/74.27)
Training: 	Epoch: 23	Time: 13.5682	Training Loss: 0.0408
Evaluation: 	Epoch: 23	Time: 0.5958	Dev acc: 69.72	Dev fscore(p/r/f): (80.21/73.10/76.49)
Training: 	Epoch: 24	Time: 13.3982	Training Loss: 0.0452
Evaluation: 	Epoch: 24	Time: 0.5762	Dev acc: 69.50	Dev fscore(p/r/f): (79.31/71.95/75.45)
Training: 	Epoch: 25	Time: 13.6596	Training Loss: 0.0583
Evaluation: 	Epoch: 25	Time: 0.5848	Dev acc: 68.60	Dev fscore(p/r/f): (79.98/71.22/75.34)
Training: 	Epoch: 26	Time: 13.7504	Training Loss: 0.0694
Evaluation: 	Epoch: 26	Time: 0.6332	Dev acc: 68.94	Dev fscore(p/r/f): (80.93/70.80/75.53)
Training: 	Epoch: 27	Time: 13.2827	Training Loss: 0.0524
Evaluation: 	Epoch: 27	Time: 0.6129	Dev acc: 69.94	Dev fscore(p/r/f): (79.86/72.37/75.93)
Training: 	Epoch: 28	Time: 13.6581	Training Loss: 0.0396
Evaluation: 	Epoch: 28	Time: 0.6019	Dev acc: 69.50	Dev fscore(p/r/f): (80.23/71.95/75.87)
Training: 	Epoch: 29	Time: 13.6453	Training Loss: 0.0312
Evaluation: 	Epoch: 29	Time: 0.6203	Dev acc: 68.83	Dev fscore(p/r/f): (78.13/72.26/75.08)
Training: 	Epoch: 30	Time: 13.7498	Training Loss: 0.0286
Evaluation: 	Epoch: 30	Time: 0.5886	Dev acc: 69.50	Dev fscore(p/r/f): (80.75/71.74/75.98)
Training: 	Epoch: 31	Time: 13.8885	Training Loss: 0.0259
Evaluation: 	Epoch: 31	Time: 0.6278	Dev acc: 69.16	Dev fscore(p/r/f): (79.77/72.37/75.89)
Training: 	Epoch: 32	Time: 13.6284	Training Loss: 0.0234
Evaluation: 	Epoch: 32	Time: 0.6133	Dev acc: 70.28	Dev fscore(p/r/f): (80.53/73.31/76.75)
Training: 	Epoch: 33	Time: 13.4390	Training Loss: 0.0236
Evaluation: 	Epoch: 33	Time: 0.5810	Dev acc: 68.27	Dev fscore(p/r/f): (80.38/70.91/75.35)
Training: 	Epoch: 34	Time: 13.8572	Training Loss: 0.0229
Evaluation: 	Epoch: 34	Time: 0.5908	Dev acc: 68.94	Dev fscore(p/r/f): (79.11/72.26/75.53)
Training: 	Epoch: 35	Time: 14.5135	Training Loss: 0.0221
Evaluation: 	Epoch: 35	Time: 0.6007	Dev acc: 69.61	Dev fscore(p/r/f): (80.23/72.37/76.10)
Training: 	Epoch: 36	Time: 14.2018	Training Loss: 0.0229
Evaluation: 	Epoch: 36	Time: 0.5880	Dev acc: 68.94	Dev fscore(p/r/f): (79.45/71.74/75.40)
Training: 	Epoch: 37	Time: 14.0118	Training Loss: 0.0223
Evaluation: 	Epoch: 37	Time: 0.6637	Dev acc: 69.61	Dev fscore(p/r/f): (79.02/72.68/75.72)
Training: 	Epoch: 38	Time: 13.5141	Training Loss: 0.0245
Evaluation: 	Epoch: 38	Time: 0.5894	Dev acc: 68.83	Dev fscore(p/r/f): (78.79/72.05/75.27)
Training: 	Epoch: 39	Time: 13.5704	Training Loss: 0.0307
Evaluation: 	Epoch: 39	Time: 0.6111	Dev acc: 68.94	Dev fscore(p/r/f): (80.09/71.74/75.69)
Training: 	Epoch: 40	Time: 13.8182	Training Loss: 0.0423
Evaluation: 	Epoch: 40	Time: 0.6019	Dev acc: 68.04	Dev fscore(p/r/f): (80.14/70.70/75.12)
Training: 	Epoch: 41	Time: 13.7844	Training Loss: 0.0882
Evaluation: 	Epoch: 41	Time: 0.5830	Dev acc: 68.16	Dev fscore(p/r/f): (77.43/71.53/74.36)
Training: 	Epoch: 42	Time: 13.7621	Training Loss: 0.0632
Evaluation: 	Epoch: 42	Time: 0.6575	Dev acc: 67.93	Dev fscore(p/r/f): (78.75/71.12/74.74)
Training: 	Epoch: 43	Time: 13.6397	Training Loss: 0.0397
Evaluation: 	Epoch: 43	Time: 0.6277	Dev acc: 68.16	Dev fscore(p/r/f): (80.48/70.49/75.15)
Training: 	Epoch: 44	Time: 13.8920	Training Loss: 0.0259
Evaluation: 	Epoch: 44	Time: 0.6128	Dev acc: 67.71	Dev fscore(p/r/f): (79.16/70.49/74.57)
Training: 	Epoch: 45	Time: 14.2730	Training Loss: 0.0227
Evaluation: 	Epoch: 45	Time: 0.6181	Dev acc: 68.83	Dev fscore(p/r/f): (79.03/71.12/74.86)
Training: 	Epoch: 46	Time: 14.3883	Training Loss: 0.0245
Evaluation: 	Epoch: 46	Time: 0.6233	Dev acc: 68.27	Dev fscore(p/r/f): (79.76/70.70/74.96)
Training: 	Epoch: 47	Time: 14.5989	Training Loss: 0.0219
Evaluation: 	Epoch: 47	Time: 0.6046	Dev acc: 68.49	Dev fscore(p/r/f): (79.39/71.12/75.03)
Training: 	Epoch: 48	Time: 14.1096	Training Loss: 0.0207
Evaluation: 	Epoch: 48	Time: 0.6562	Dev acc: 68.60	Dev fscore(p/r/f): (79.23/71.22/75.01)
Training: 	Epoch: 49	Time: 13.6295	Training Loss: 0.0210
Evaluation: 	Epoch: 49	Time: 0.5914	Dev acc: 68.94	Dev fscore(p/r/f): (79.95/71.53/75.51)
Training: 	Epoch: 50	Time: 13.4830	Training Loss: 0.0212
Evaluation: 	Epoch: 50	Time: 0.6008	Dev acc: 68.83	Dev fscore(p/r/f): (79.29/72.26/75.61)
Training: 	Epoch: 51	Time: 13.6086	Training Loss: 0.0226
Evaluation: 	Epoch: 51	Time: 0.5922	Dev acc: 68.60	Dev fscore(p/r/f): (80.02/70.59/75.01)
Training: 	Epoch: 52	Time: 13.0613	Training Loss: 0.0247
Evaluation: 	Epoch: 52	Time: 0.5855	Dev acc: 68.49	Dev fscore(p/r/f): (80.74/70.80/75.44)
Training: 	Epoch: 53	Time: 13.4352	Training Loss: 0.0356
Evaluation: 	Epoch: 53	Time: 0.6376	Dev acc: 68.60	Dev fscore(p/r/f): (80.30/71.43/75.61)
Training: 	Epoch: 54	Time: 13.5865	Training Loss: 0.0326
Evaluation: 	Epoch: 54	Time: 0.5848	Dev acc: 68.72	Dev fscore(p/r/f): (81.38/71.12/75.90)
Training: 	Epoch: 55	Time: 13.7578	Training Loss: 0.0319
Evaluation: 	Epoch: 55	Time: 0.5851	Dev acc: 68.27	Dev fscore(p/r/f): (80.19/70.91/75.26)
Training: 	Epoch: 56	Time: 13.8096	Training Loss: 0.0298
Evaluation: 	Epoch: 56	Time: 0.5811	Dev acc: 70.17	Dev fscore(p/r/f): (79.52/73.31/76.29)
Training: 	Epoch: 57	Time: 13.7640	Training Loss: 0.0269
Evaluation: 	Epoch: 57	Time: 0.5832	Dev acc: 69.61	Dev fscore(p/r/f): (81.85/71.95/76.58)
Training: 	Epoch: 58	Time: 13.7337	Training Loss: 0.0284
Evaluation: 	Epoch: 58	Time: 0.5840	Dev acc: 69.61	Dev fscore(p/r/f): (80.68/72.26/76.24)
Training: 	Epoch: 59	Time: 13.7260	Training Loss: 0.0301
Evaluation: 	Epoch: 59	Time: 0.6564	Dev acc: 70.61	Dev fscore(p/r/f): (79.89/73.31/76.45)
NEW BEST MODEL: 	Epoch: 59	Dev loss: 1.3967	Dev acc: 70.61	Dev fscore(p/r/f): (79.89/73.31/76.45)
Training: 	Epoch: 60	Time: 13.7220	Training Loss: 0.0252
Evaluation: 	Epoch: 60	Time: 0.6560	Dev acc: 69.72	Dev fscore(p/r/f): (80.93/72.58/76.53)
Training: 	Epoch: 61	Time: 13.8176	Training Loss: 0.0406
Evaluation: 	Epoch: 61	Time: 0.6025	Dev acc: 67.26	Dev fscore(p/r/f): (78.49/70.39/74.22)
Training: 	Epoch: 62	Time: 13.5423	Training Loss: 0.0321
Evaluation: 	Epoch: 62	Time: 0.5908	Dev acc: 68.16	Dev fscore(p/r/f): (79.81/70.91/75.10)
Training: 	Epoch: 63	Time: 13.7899	Training Loss: 0.0301
Evaluation: 	Epoch: 63	Time: 0.5783	Dev acc: 69.16	Dev fscore(p/r/f): (77.94/73.31/75.55)
Training: 	Epoch: 64	Time: 13.2420	Training Loss: 0.0296
Evaluation: 	Epoch: 64	Time: 0.6262	Dev acc: 69.27	Dev fscore(p/r/f): (79.59/72.37/75.81)
Training: 	Epoch: 65	Time: 13.1919	Training Loss: 0.0324
Evaluation: 	Epoch: 65	Time: 0.6289	Dev acc: 68.83	Dev fscore(p/r/f): (78.14/71.95/74.92)
Training: 	Epoch: 66	Time: 13.2395	Training Loss: 0.0236
Evaluation: 	Epoch: 66	Time: 0.5825	Dev acc: 70.28	Dev fscore(p/r/f): (78.27/73.62/75.87)
Training: 	Epoch: 67	Time: 13.0821	Training Loss: 0.0210
Evaluation: 	Epoch: 67	Time: 0.5820	Dev acc: 69.94	Dev fscore(p/r/f): (80.57/73.10/76.65)
Training: 	Epoch: 68	Time: 13.2650	Training Loss: 0.0208
Evaluation: 	Epoch: 68	Time: 0.6061	Dev acc: 69.50	Dev fscore(p/r/f): (79.50/72.78/75.99)
Training: 	Epoch: 69	Time: 13.2528	Training Loss: 0.0245
Evaluation: 	Epoch: 69	Time: 0.5689	Dev acc: 68.38	Dev fscore(p/r/f): (78.98/72.47/75.58)
Training: 	Epoch: 70	Time: 12.7947	Training Loss: 0.0233
Evaluation: 	Epoch: 70	Time: 0.5753	Dev acc: 69.05	Dev fscore(p/r/f): (81.27/71.95/76.33)
Training: 	Epoch: 71	Time: 12.7701	Training Loss: 0.0203
Evaluation: 	Epoch: 71	Time: 0.5779	Dev acc: 69.50	Dev fscore(p/r/f): (80.63/72.47/76.33)
Training: 	Epoch: 72	Time: 12.9308	Training Loss: 0.0204
Evaluation: 	Epoch: 72	Time: 0.5810	Dev acc: 69.27	Dev fscore(p/r/f): (80.74/72.58/76.44)
Training: 	Epoch: 73	Time: 13.1682	Training Loss: 0.0200
Evaluation: 	Epoch: 73	Time: 0.5829	Dev acc: 68.94	Dev fscore(p/r/f): (80.48/72.68/76.38)
Training: 	Epoch: 74	Time: 13.5228	Training Loss: 0.0200
Evaluation: 	Epoch: 74	Time: 0.5861	Dev acc: 69.16	Dev fscore(p/r/f): (80.23/73.20/76.55)
Training: 	Epoch: 75	Time: 12.8366	Training Loss: 0.0212
Evaluation: 	Epoch: 75	Time: 0.5758	Dev acc: 68.94	Dev fscore(p/r/f): (80.72/72.47/76.37)
Training: 	Epoch: 76	Time: 12.9613	Training Loss: 0.0261
Evaluation: 	Epoch: 76	Time: 0.5795	Dev acc: 69.16	Dev fscore(p/r/f): (78.85/72.68/75.64)
Training: 	Epoch: 77	Time: 13.0496	Training Loss: 0.0344
Evaluation: 	Epoch: 77	Time: 0.6042	Dev acc: 69.50	Dev fscore(p/r/f): (80.53/72.47/76.29)
Training: 	Epoch: 78	Time: 13.3915	Training Loss: 0.0313
Evaluation: 	Epoch: 78	Time: 0.6079	Dev acc: 69.61	Dev fscore(p/r/f): (80.47/72.16/76.09)
Training: 	Epoch: 79	Time: 13.4430	Training Loss: 0.0292
Evaluation: 	Epoch: 79	Time: 0.5787	Dev acc: 68.38	Dev fscore(p/r/f): (79.45/71.74/75.40)
Training: 	Epoch: 80	Time: 13.0450	Training Loss: 0.0250
Evaluation: 	Epoch: 80	Time: 0.5805	Dev acc: 67.93	Dev fscore(p/r/f): (78.87/71.22/74.85)
Training: 	Epoch: 81	Time: 12.9782	Training Loss: 0.0265
Evaluation: 	Epoch: 81	Time: 0.5918	Dev acc: 68.04	Dev fscore(p/r/f): (78.14/70.80/74.29)
Training: 	Epoch: 82	Time: 13.3229	Training Loss: 0.0324
Evaluation: 	Epoch: 82	Time: 0.5846	Dev acc: 69.94	Dev fscore(p/r/f): (77.34/73.31/75.27)
Training: 	Epoch: 83	Time: 14.0339	Training Loss: 0.0249
Evaluation: 	Epoch: 83	Time: 0.6581	Dev acc: 68.27	Dev fscore(p/r/f): (81.34/70.91/75.77)
Training: 	Epoch: 84	Time: 14.7185	Training Loss: 0.0212
Evaluation: 	Epoch: 84	Time: 0.6233	Dev acc: 69.16	Dev fscore(p/r/f): (79.43/72.05/75.56)
Training: 	Epoch: 85	Time: 14.7306	Training Loss: 0.0205
Evaluation: 	Epoch: 85	Time: 0.6351	Dev acc: 69.50	Dev fscore(p/r/f): (80.44/72.05/76.02)
Training: 	Epoch: 86	Time: 14.6025	Training Loss: 0.0198
Evaluation: 	Epoch: 86	Time: 0.6578	Dev acc: 69.72	Dev fscore(p/r/f): (80.63/72.47/76.33)
Training: 	Epoch: 87	Time: 14.5181	Training Loss: 0.0201
Evaluation: 	Epoch: 87	Time: 0.6927	Dev acc: 68.49	Dev fscore(p/r/f): (79.79/71.22/75.26)
Training: 	Epoch: 88	Time: 14.7433	Training Loss: 0.0216
Evaluation: 	Epoch: 88	Time: 0.6623	Dev acc: 69.50	Dev fscore(p/r/f): (80.00/72.58/76.11)
Training: 	Epoch: 89	Time: 14.9819	Training Loss: 0.0245
Evaluation: 	Epoch: 89	Time: 0.6422	Dev acc: 70.06	Dev fscore(p/r/f): (81.17/72.37/76.52)
Training: 	Epoch: 90	Time: 14.9689	Training Loss: 0.0221
Evaluation: 	Epoch: 90	Time: 0.6234	Dev acc: 70.06	Dev fscore(p/r/f): (81.00/72.89/76.73)
Training: 	Epoch: 91	Time: 14.7818	Training Loss: 0.0209
Evaluation: 	Epoch: 91	Time: 0.6381	Dev acc: 70.28	Dev fscore(p/r/f): (81.27/73.31/77.08)
Training: 	Epoch: 92	Time: 14.6952	Training Loss: 0.0202
Evaluation: 	Epoch: 92	Time: 0.6327	Dev acc: 70.28	Dev fscore(p/r/f): (81.49/72.99/77.01)
Training: 	Epoch: 93	Time: 14.6771	Training Loss: 0.0198
Evaluation: 	Epoch: 93	Time: 0.6341	Dev acc: 70.28	Dev fscore(p/r/f): (81.78/72.99/77.13)
Training: 	Epoch: 94	Time: 14.5653	Training Loss: 0.0200
Evaluation: 	Epoch: 94	Time: 0.6344	Dev acc: 70.06	Dev fscore(p/r/f): (81.59/72.99/77.05)
Training: 	Epoch: 95	Time: 14.6866	Training Loss: 0.0203
Evaluation: 	Epoch: 95	Time: 0.6725	Dev acc: 70.06	Dev fscore(p/r/f): (81.66/72.89/77.02)
Training: 	Epoch: 96	Time: 14.4799	Training Loss: 0.0196
Evaluation: 	Epoch: 96	Time: 0.6612	Dev acc: 70.28	Dev fscore(p/r/f): (81.49/72.99/77.01)
Training: 	Epoch: 97	Time: 14.7177	Training Loss: 0.0198
Evaluation: 	Epoch: 97	Time: 0.6509	Dev acc: 70.28	Dev fscore(p/r/f): (81.04/73.10/76.86)
Training: 	Epoch: 98	Time: 14.9113	Training Loss: 0.0194
Evaluation: 	Epoch: 98	Time: 0.6620	Dev acc: 70.06	Dev fscore(p/r/f): (81.21/72.99/76.88)
Training: 	Epoch: 99	Time: 14.8294	Training Loss: 0.0196
Evaluation: 	Epoch: 99	Time: 0.6300	Dev acc: 70.06	Dev fscore(p/r/f): (81.09/72.89/76.77)
FINAL BEST RESULT: 	Epoch: 59	Dev loss: 1.3967	Dev acc: 70.6145	Dev fscore(p/r/f): (79.8864/73.3055/76.4546)
