nohup: ignoring input
Use GPU with index 0
Initialization finished ...
Random seed is set to 999
Use GPU with index 0
Load dataset and database finished, cost 2.2043s ...
Dataset size: train -> 5119 ; dev -> 895
Total training steps: 16000
Start training ......
Training: 	Epoch: 0	Time: 8.4800	Training Loss: 0.9155
Evaluation: 	Epoch: 0	Time: 0.2851	Dev acc: 64.80	Dev fscore(p/r/f): (71.06/68.09/69.54)
NEW BEST MODEL: 	Epoch: 0	Dev loss: 0.6200	Dev acc: 64.80	Dev fscore(p/r/f): (71.06/68.09/69.54)
Training: 	Epoch: 1	Time: 7.7802	Training Loss: 0.4245
Evaluation: 	Epoch: 1	Time: 0.2811	Dev acc: 70.50	Dev fscore(p/r/f): (76.97/73.20/75.04)
NEW BEST MODEL: 	Epoch: 1	Dev loss: 0.6310	Dev acc: 70.50	Dev fscore(p/r/f): (76.97/73.20/75.04)
Training: 	Epoch: 2	Time: 7.6962	Training Loss: 0.3248
Evaluation: 	Epoch: 2	Time: 0.2769	Dev acc: 68.60	Dev fscore(p/r/f): (76.27/72.05/74.10)
Training: 	Epoch: 3	Time: 7.7558	Training Loss: 0.2606
Evaluation: 	Epoch: 3	Time: 0.2814	Dev acc: 70.50	Dev fscore(p/r/f): (81.07/72.78/76.70)
Training: 	Epoch: 4	Time: 7.8019	Training Loss: 0.2086
Evaluation: 	Epoch: 4	Time: 0.2770	Dev acc: 69.27	Dev fscore(p/r/f): (78.77/71.95/75.20)
Training: 	Epoch: 5	Time: 7.7259	Training Loss: 0.1743
Evaluation: 	Epoch: 5	Time: 0.2778	Dev acc: 70.28	Dev fscore(p/r/f): (80.76/73.10/76.74)
Training: 	Epoch: 6	Time: 7.7137	Training Loss: 0.1383
Evaluation: 	Epoch: 6	Time: 0.2788	Dev acc: 68.94	Dev fscore(p/r/f): (80.16/72.47/76.12)
Training: 	Epoch: 7	Time: 7.6769	Training Loss: 0.1159
Evaluation: 	Epoch: 7	Time: 0.2777	Dev acc: 69.72	Dev fscore(p/r/f): (80.67/73.10/76.70)
Training: 	Epoch: 8	Time: 7.6878	Training Loss: 0.1034
Evaluation: 	Epoch: 8	Time: 0.2774	Dev acc: 71.73	Dev fscore(p/r/f): (79.38/75.08/77.17)
NEW BEST MODEL: 	Epoch: 8	Dev loss: 0.8682	Dev acc: 71.73	Dev fscore(p/r/f): (79.38/75.08/77.17)
Training: 	Epoch: 9	Time: 7.7676	Training Loss: 0.0860
Evaluation: 	Epoch: 9	Time: 0.2793	Dev acc: 68.83	Dev fscore(p/r/f): (80.19/71.74/75.73)
Training: 	Epoch: 10	Time: 7.7184	Training Loss: 0.0621
Evaluation: 	Epoch: 10	Time: 0.2769	Dev acc: 70.84	Dev fscore(p/r/f): (80.11/73.51/76.67)
Training: 	Epoch: 11	Time: 7.7537	Training Loss: 0.0494
Evaluation: 	Epoch: 11	Time: 0.2819	Dev acc: 68.38	Dev fscore(p/r/f): (80.45/71.22/75.55)
Training: 	Epoch: 12	Time: 7.7665	Training Loss: 0.0447
Evaluation: 	Epoch: 12	Time: 0.2774	Dev acc: 70.73	Dev fscore(p/r/f): (80.66/73.93/77.15)
Training: 	Epoch: 13	Time: 7.7342	Training Loss: 0.0394
Evaluation: 	Epoch: 13	Time: 0.2791	Dev acc: 68.83	Dev fscore(p/r/f): (79.17/71.74/75.27)
Training: 	Epoch: 14	Time: 7.7023	Training Loss: 0.0335
Evaluation: 	Epoch: 14	Time: 0.2792	Dev acc: 68.16	Dev fscore(p/r/f): (79.86/70.70/75.00)
Training: 	Epoch: 15	Time: 7.6971	Training Loss: 0.0317
Evaluation: 	Epoch: 15	Time: 0.2796	Dev acc: 70.50	Dev fscore(p/r/f): (79.91/73.41/76.52)
Training: 	Epoch: 16	Time: 7.6647	Training Loss: 0.0290
Evaluation: 	Epoch: 16	Time: 0.2792	Dev acc: 70.95	Dev fscore(p/r/f): (80.43/73.31/76.70)
Training: 	Epoch: 17	Time: 7.8207	Training Loss: 0.0260
Evaluation: 	Epoch: 17	Time: 0.2806	Dev acc: 69.83	Dev fscore(p/r/f): (79.46/72.99/76.09)
Training: 	Epoch: 18	Time: 7.6976	Training Loss: 0.0261
Evaluation: 	Epoch: 18	Time: 0.2759	Dev acc: 71.17	Dev fscore(p/r/f): (79.73/73.83/76.66)
Training: 	Epoch: 19	Time: 7.7315	Training Loss: 0.0278
Evaluation: 	Epoch: 19	Time: 0.2828	Dev acc: 69.94	Dev fscore(p/r/f): (79.05/72.78/75.79)
Training: 	Epoch: 20	Time: 7.7895	Training Loss: 0.0268
Evaluation: 	Epoch: 20	Time: 0.2801	Dev acc: 70.73	Dev fscore(p/r/f): (79.62/73.72/76.56)
Training: 	Epoch: 21	Time: 7.7811	Training Loss: 0.0433
Evaluation: 	Epoch: 21	Time: 0.2779	Dev acc: 69.61	Dev fscore(p/r/f): (77.41/72.89/75.08)
Training: 	Epoch: 22	Time: 7.6484	Training Loss: 0.0532
Evaluation: 	Epoch: 22	Time: 0.2811	Dev acc: 69.83	Dev fscore(p/r/f): (80.93/72.58/76.53)
Training: 	Epoch: 23	Time: 7.7277	Training Loss: 0.0622
Evaluation: 	Epoch: 23	Time: 0.2780	Dev acc: 66.82	Dev fscore(p/r/f): (77.33/70.07/73.52)
Training: 	Epoch: 24	Time: 7.7460	Training Loss: 0.0352
Evaluation: 	Epoch: 24	Time: 0.2789	Dev acc: 70.73	Dev fscore(p/r/f): (79.64/73.83/76.62)
Training: 	Epoch: 25	Time: 7.7462	Training Loss: 0.0296
Evaluation: 	Epoch: 25	Time: 0.2765	Dev acc: 69.50	Dev fscore(p/r/f): (77.82/72.05/74.82)
Training: 	Epoch: 26	Time: 7.6860	Training Loss: 0.0249
Evaluation: 	Epoch: 26	Time: 0.2760	Dev acc: 69.39	Dev fscore(p/r/f): (80.44/72.05/76.02)
Training: 	Epoch: 27	Time: 7.6758	Training Loss: 0.0266
Evaluation: 	Epoch: 27	Time: 0.2780	Dev acc: 67.82	Dev fscore(p/r/f): (78.63/70.59/74.40)
Training: 	Epoch: 28	Time: 7.7575	Training Loss: 0.0282
Evaluation: 	Epoch: 28	Time: 0.2777	Dev acc: 68.72	Dev fscore(p/r/f): (79.38/71.85/75.42)
Training: 	Epoch: 29	Time: 7.6919	Training Loss: 0.0235
Evaluation: 	Epoch: 29	Time: 0.2670	Dev acc: 69.83	Dev fscore(p/r/f): (80.34/72.89/76.44)
Training: 	Epoch: 30	Time: 7.6531	Training Loss: 0.0229
Evaluation: 	Epoch: 30	Time: 0.2778	Dev acc: 69.50	Dev fscore(p/r/f): (80.39/72.68/76.34)
Training: 	Epoch: 31	Time: 7.7304	Training Loss: 0.0226
Evaluation: 	Epoch: 31	Time: 0.2790	Dev acc: 69.72	Dev fscore(p/r/f): (80.14/72.78/76.28)
Training: 	Epoch: 32	Time: 7.6669	Training Loss: 0.0220
Evaluation: 	Epoch: 32	Time: 0.2772	Dev acc: 69.39	Dev fscore(p/r/f): (79.68/72.37/75.85)
Training: 	Epoch: 33	Time: 7.6677	Training Loss: 0.0219
Evaluation: 	Epoch: 33	Time: 0.2867	Dev acc: 69.16	Dev fscore(p/r/f): (80.16/72.05/75.89)
Training: 	Epoch: 34	Time: 7.7188	Training Loss: 0.0218
Evaluation: 	Epoch: 34	Time: 0.2768	Dev acc: 70.50	Dev fscore(p/r/f): (80.14/73.62/76.74)
Training: 	Epoch: 35	Time: 7.7294	Training Loss: 0.0213
Evaluation: 	Epoch: 35	Time: 0.2796	Dev acc: 69.05	Dev fscore(p/r/f): (80.05/71.95/75.78)
Training: 	Epoch: 36	Time: 7.7777	Training Loss: 0.0226
Evaluation: 	Epoch: 36	Time: 0.2775	Dev acc: 69.27	Dev fscore(p/r/f): (80.35/72.47/76.21)
Training: 	Epoch: 37	Time: 7.4512	Training Loss: 0.0223
Evaluation: 	Epoch: 37	Time: 0.2858	Dev acc: 69.27	Dev fscore(p/r/f): (80.61/71.95/76.03)
Training: 	Epoch: 38	Time: 7.8944	Training Loss: 0.0212
Evaluation: 	Epoch: 38	Time: 0.2883	Dev acc: 70.17	Dev fscore(p/r/f): (80.97/73.20/76.89)
Training: 	Epoch: 39	Time: 7.8776	Training Loss: 0.0214
Evaluation: 	Epoch: 39	Time: 0.2830	Dev acc: 69.27	Dev fscore(p/r/f): (80.86/72.26/76.32)
Training: 	Epoch: 40	Time: 7.8726	Training Loss: 0.0217
Evaluation: 	Epoch: 40	Time: 0.2787	Dev acc: 68.49	Dev fscore(p/r/f): (79.93/71.43/75.44)
Training: 	Epoch: 41	Time: 7.7087	Training Loss: 0.0216
Evaluation: 	Epoch: 41	Time: 0.3003	Dev acc: 68.49	Dev fscore(p/r/f): (79.98/71.22/75.34)
Training: 	Epoch: 42	Time: 7.7093	Training Loss: 0.0209
Evaluation: 	Epoch: 42	Time: 0.2762	Dev acc: 69.27	Dev fscore(p/r/f): (80.72/72.05/76.14)
Training: 	Epoch: 43	Time: 7.6610	Training Loss: 0.0218
Evaluation: 	Epoch: 43	Time: 0.2823	Dev acc: 69.39	Dev fscore(p/r/f): (80.35/72.47/76.21)
Training: 	Epoch: 44	Time: 7.8251	Training Loss: 0.0212
Evaluation: 	Epoch: 44	Time: 0.2783	Dev acc: 69.72	Dev fscore(p/r/f): (80.74/72.58/76.44)
Training: 	Epoch: 45	Time: 7.7480	Training Loss: 0.0208
Evaluation: 	Epoch: 45	Time: 0.2805	Dev acc: 69.50	Dev fscore(p/r/f): (80.56/72.58/76.36)
Training: 	Epoch: 46	Time: 7.4290	Training Loss: 0.0215
Evaluation: 	Epoch: 46	Time: 0.2817	Dev acc: 69.61	Dev fscore(p/r/f): (80.35/72.47/76.21)
Training: 	Epoch: 47	Time: 6.4530	Training Loss: 0.0219
Evaluation: 	Epoch: 47	Time: 0.2815	Dev acc: 69.61	Dev fscore(p/r/f): (80.21/72.68/76.26)
Training: 	Epoch: 48	Time: 6.3447	Training Loss: 0.0207
Evaluation: 	Epoch: 48	Time: 0.2834	Dev acc: 69.16	Dev fscore(p/r/f): (80.35/72.05/75.98)
Training: 	Epoch: 49	Time: 6.3343	Training Loss: 0.0207
Evaluation: 	Epoch: 49	Time: 0.2793	Dev acc: 69.27	Dev fscore(p/r/f): (80.94/72.16/76.30)
Training: 	Epoch: 50	Time: 6.4058	Training Loss: 0.0234
Evaluation: 	Epoch: 50	Time: 0.2826	Dev acc: 69.27	Dev fscore(p/r/f): (79.02/72.26/75.49)
Training: 	Epoch: 51	Time: 6.4043	Training Loss: 0.0702
Evaluation: 	Epoch: 51	Time: 0.2822	Dev acc: 67.71	Dev fscore(p/r/f): (75.94/71.43/73.62)
Training: 	Epoch: 52	Time: 6.3970	Training Loss: 0.0803
Evaluation: 	Epoch: 52	Time: 0.2783	Dev acc: 66.82	Dev fscore(p/r/f): (77.48/69.97/73.53)
Training: 	Epoch: 53	Time: 6.4637	Training Loss: 0.0484
Evaluation: 	Epoch: 53	Time: 0.2788	Dev acc: 70.17	Dev fscore(p/r/f): (81.18/73.31/77.04)
Training: 	Epoch: 54	Time: 6.4319	Training Loss: 0.0266
Evaluation: 	Epoch: 54	Time: 0.2786	Dev acc: 69.61	Dev fscore(p/r/f): (81.38/72.47/76.67)
Training: 	Epoch: 55	Time: 6.3638	Training Loss: 0.0225
Evaluation: 	Epoch: 55	Time: 0.2802	Dev acc: 69.83	Dev fscore(p/r/f): (81.12/72.58/76.61)
Training: 	Epoch: 56	Time: 6.4951	Training Loss: 0.0213
Evaluation: 	Epoch: 56	Time: 0.2809	Dev acc: 69.16	Dev fscore(p/r/f): (80.75/71.74/75.98)
Training: 	Epoch: 57	Time: 6.4228	Training Loss: 0.0211
Evaluation: 	Epoch: 57	Time: 0.2782	Dev acc: 70.17	Dev fscore(p/r/f): (81.23/73.10/76.95)
Training: 	Epoch: 58	Time: 6.4744	Training Loss: 0.0212
Evaluation: 	Epoch: 58	Time: 0.2838	Dev acc: 69.39	Dev fscore(p/r/f): (80.58/72.26/76.20)
Training: 	Epoch: 59	Time: 7.0513	Training Loss: 0.0212
Evaluation: 	Epoch: 59	Time: 0.2749	Dev acc: 69.39	Dev fscore(p/r/f): (80.28/72.16/76.00)
Training: 	Epoch: 60	Time: 6.4584	Training Loss: 0.0207
Evaluation: 	Epoch: 60	Time: 0.2953	Dev acc: 68.83	Dev fscore(p/r/f): (80.47/71.74/75.85)
Training: 	Epoch: 61	Time: 6.3715	Training Loss: 0.0206
Evaluation: 	Epoch: 61	Time: 0.3050	Dev acc: 69.05	Dev fscore(p/r/f): (80.23/71.95/75.87)
Training: 	Epoch: 62	Time: 6.4207	Training Loss: 0.0206
Evaluation: 	Epoch: 62	Time: 0.2870	Dev acc: 69.72	Dev fscore(p/r/f): (80.97/72.78/76.66)
Training: 	Epoch: 63	Time: 6.4782	Training Loss: 0.0203
Evaluation: 	Epoch: 63	Time: 0.2874	Dev acc: 69.61	Dev fscore(p/r/f): (80.75/72.16/76.21)
Training: 	Epoch: 64	Time: 6.4192	Training Loss: 0.0207
Evaluation: 	Epoch: 64	Time: 0.2752	Dev acc: 69.72	Dev fscore(p/r/f): (81.14/72.68/76.68)
Training: 	Epoch: 65	Time: 6.4128	Training Loss: 0.0204
Evaluation: 	Epoch: 65	Time: 0.2816	Dev acc: 69.50	Dev fscore(p/r/f): (80.75/72.16/76.21)
Training: 	Epoch: 66	Time: 6.4184	Training Loss: 0.0206
Evaluation: 	Epoch: 66	Time: 0.2753	Dev acc: 69.39	Dev fscore(p/r/f): (80.70/72.37/76.31)
Training: 	Epoch: 67	Time: 6.4132	Training Loss: 0.0204
Evaluation: 	Epoch: 67	Time: 0.2797	Dev acc: 69.61	Dev fscore(p/r/f): (81.31/72.58/76.69)
Training: 	Epoch: 68	Time: 6.4385	Training Loss: 0.0202
Evaluation: 	Epoch: 68	Time: 0.2754	Dev acc: 69.61	Dev fscore(p/r/f): (81.14/72.68/76.68)
Training: 	Epoch: 69	Time: 6.4341	Training Loss: 0.0207
Evaluation: 	Epoch: 69	Time: 0.2787	Dev acc: 69.94	Dev fscore(p/r/f): (81.02/72.99/76.80)
Training: 	Epoch: 70	Time: 6.4390	Training Loss: 0.0205
Evaluation: 	Epoch: 70	Time: 0.2782	Dev acc: 69.61	Dev fscore(p/r/f): (81.07/72.37/76.47)
Training: 	Epoch: 71	Time: 6.3824	Training Loss: 0.0201
Evaluation: 	Epoch: 71	Time: 0.2773	Dev acc: 69.16	Dev fscore(p/r/f): (80.56/71.74/75.90)
Training: 	Epoch: 72	Time: 6.4113	Training Loss: 0.0207
Evaluation: 	Epoch: 72	Time: 0.2925	Dev acc: 69.50	Dev fscore(p/r/f): (80.94/72.16/76.30)
Training: 	Epoch: 73	Time: 6.4158	Training Loss: 0.0201
Evaluation: 	Epoch: 73	Time: 0.2796	Dev acc: 69.39	Dev fscore(p/r/f): (80.98/72.37/76.43)
Training: 	Epoch: 74	Time: 6.3736	Training Loss: 0.0205
Evaluation: 	Epoch: 74	Time: 0.2772	Dev acc: 69.39	Dev fscore(p/r/f): (80.81/72.47/76.42)
Training: 	Epoch: 75	Time: 6.3689	Training Loss: 0.0205
Evaluation: 	Epoch: 75	Time: 0.2762	Dev acc: 69.27	Dev fscore(p/r/f): (80.82/72.05/76.19)
Training: 	Epoch: 76	Time: 6.3600	Training Loss: 0.0213
Evaluation: 	Epoch: 76	Time: 0.2845	Dev acc: 69.16	Dev fscore(p/r/f): (80.47/72.16/76.09)
Training: 	Epoch: 77	Time: 6.3307	Training Loss: 0.0203
Evaluation: 	Epoch: 77	Time: 0.2764	Dev acc: 69.72	Dev fscore(p/r/f): (81.02/72.58/76.57)
Training: 	Epoch: 78	Time: 6.3716	Training Loss: 0.0201
Evaluation: 	Epoch: 78	Time: 0.2824	Dev acc: 68.49	Dev fscore(p/r/f): (80.21/70.59/75.10)
Training: 	Epoch: 79	Time: 6.8612	Training Loss: 0.0221
Evaluation: 	Epoch: 79	Time: 0.3854	Dev acc: 69.94	Dev fscore(p/r/f): (80.60/72.37/76.26)
Training: 	Epoch: 80	Time: 7.2322	Training Loss: 0.0408
Evaluation: 	Epoch: 80	Time: 0.3596	Dev acc: 64.47	Dev fscore(p/r/f): (74.91/67.57/71.05)
Training: 	Epoch: 81	Time: 7.1807	Training Loss: 0.0719
Evaluation: 	Epoch: 81	Time: 0.3519	Dev acc: 66.15	Dev fscore(p/r/f): (79.54/68.93/73.85)
Training: 	Epoch: 82	Time: 7.2686	Training Loss: 0.0306
Evaluation: 	Epoch: 82	Time: 0.3646	Dev acc: 68.72	Dev fscore(p/r/f): (79.63/71.74/75.48)
Training: 	Epoch: 83	Time: 7.1857	Training Loss: 0.0224
Evaluation: 	Epoch: 83	Time: 0.3677	Dev acc: 68.27	Dev fscore(p/r/f): (79.60/71.22/75.18)
Training: 	Epoch: 84	Time: 5.9191	Training Loss: 0.0204
Evaluation: 	Epoch: 84	Time: 0.2784	Dev acc: 69.05	Dev fscore(p/r/f): (80.19/72.16/75.96)
Training: 	Epoch: 85	Time: 5.6110	Training Loss: 0.0203
Evaluation: 	Epoch: 85	Time: 0.2798	Dev acc: 68.83	Dev fscore(p/r/f): (80.05/71.95/75.78)
Training: 	Epoch: 86	Time: 5.5983	Training Loss: 0.0200
Evaluation: 	Epoch: 86	Time: 0.2822	Dev acc: 68.94	Dev fscore(p/r/f): (80.00/71.74/75.65)
Training: 	Epoch: 87	Time: 5.6143	Training Loss: 0.0197
Evaluation: 	Epoch: 87	Time: 0.2931	Dev acc: 68.83	Dev fscore(p/r/f): (80.02/71.85/75.71)
Training: 	Epoch: 88	Time: 6.2509	Training Loss: 0.0201
Evaluation: 	Epoch: 88	Time: 0.2906	Dev acc: 68.72	Dev fscore(p/r/f): (79.77/71.53/75.43)
Training: 	Epoch: 89	Time: 7.3400	Training Loss: 0.0201
Evaluation: 	Epoch: 89	Time: 0.3671	Dev acc: 69.05	Dev fscore(p/r/f): (80.26/72.05/75.93)
Training: 	Epoch: 90	Time: 7.2120	Training Loss: 0.0203
Evaluation: 	Epoch: 90	Time: 0.3533	Dev acc: 68.94	Dev fscore(p/r/f): (80.26/72.05/75.93)
Training: 	Epoch: 91	Time: 7.1449	Training Loss: 0.0202
Evaluation: 	Epoch: 91	Time: 0.3581	Dev acc: 69.27	Dev fscore(p/r/f): (80.32/72.37/76.14)
Training: 	Epoch: 92	Time: 7.1342	Training Loss: 0.0200
Evaluation: 	Epoch: 92	Time: 0.3591	Dev acc: 69.05	Dev fscore(p/r/f): (80.37/72.16/76.04)
Training: 	Epoch: 93	Time: 7.2214	Training Loss: 0.0199
Evaluation: 	Epoch: 93	Time: 0.3548	Dev acc: 69.16	Dev fscore(p/r/f): (80.33/71.95/75.91)
Training: 	Epoch: 94	Time: 7.1038	Training Loss: 0.0206
Evaluation: 	Epoch: 94	Time: 0.3519	Dev acc: 69.16	Dev fscore(p/r/f): (80.42/71.95/75.95)
Training: 	Epoch: 95	Time: 7.1026	Training Loss: 0.0208
Evaluation: 	Epoch: 95	Time: 0.3638	Dev acc: 68.94	Dev fscore(p/r/f): (80.07/71.64/75.62)
Training: 	Epoch: 96	Time: 7.1264	Training Loss: 0.0196
Evaluation: 	Epoch: 96	Time: 0.3485	Dev acc: 68.94	Dev fscore(p/r/f): (80.00/71.74/75.65)
Training: 	Epoch: 97	Time: 7.1522	Training Loss: 0.0199
Evaluation: 	Epoch: 97	Time: 0.3513	Dev acc: 69.27	Dev fscore(p/r/f): (80.60/72.37/76.26)
Training: 	Epoch: 98	Time: 7.1515	Training Loss: 0.0197
Evaluation: 	Epoch: 98	Time: 0.3532	Dev acc: 69.05	Dev fscore(p/r/f): (80.65/72.16/76.17)
Training: 	Epoch: 99	Time: 7.0422	Training Loss: 0.0198
Evaluation: 	Epoch: 99	Time: 0.3541	Dev acc: 69.05	Dev fscore(p/r/f): (80.30/71.85/75.84)
FINAL BEST RESULT: 	Epoch: 8	Dev loss: 0.8682	Dev acc: 71.7318	Dev fscore(p/r/f): (79.3826/75.0782/77.1704)
