nohup: ignoring input
Initialization finished ...
Random seed is set to 999
Use CPU as target torch device
Load dataset and database finished, cost 2.0418s ...
Dataset size: train -> 5119 ; dev -> 895
Total training steps: 16000
Start training ......
Training: 	Epoch: 0	Time: 15.9417	Training Loss: 1.1985
Evaluation: 	Epoch: 0	Time: 0.6525	Dev acc: 62.46	Dev fscore(p/r/f): (68.98/61.21/64.86)
NEW BEST MODEL: 	Epoch: 0	Dev loss: 0.7036	Dev acc: 62.46	Dev fscore(p/r/f): (68.98/61.21/64.86)
Training: 	Epoch: 1	Time: 13.8071	Training Loss: 0.5181
Evaluation: 	Epoch: 1	Time: 0.5385	Dev acc: 69.83	Dev fscore(p/r/f): (74.36/72.58/73.46)
NEW BEST MODEL: 	Epoch: 1	Dev loss: 0.6244	Dev acc: 69.83	Dev fscore(p/r/f): (74.36/72.58/73.46)
Training: 	Epoch: 2	Time: 16.1776	Training Loss: 0.4125
Evaluation: 	Epoch: 2	Time: 0.7617	Dev acc: 69.16	Dev fscore(p/r/f): (73.80/71.95/72.86)
Training: 	Epoch: 3	Time: 16.5333	Training Loss: 0.3464
Evaluation: 	Epoch: 3	Time: 0.7610	Dev acc: 69.72	Dev fscore(p/r/f): (76.44/71.74/74.02)
Training: 	Epoch: 4	Time: 19.8307	Training Loss: 0.3111
Evaluation: 	Epoch: 4	Time: 0.8114	Dev acc: 68.49	Dev fscore(p/r/f): (77.96/70.07/73.81)
Training: 	Epoch: 5	Time: 18.6835	Training Loss: 0.2679
Evaluation: 	Epoch: 5	Time: 0.7036	Dev acc: 68.38	Dev fscore(p/r/f): (77.40/70.70/73.90)
Training: 	Epoch: 6	Time: 17.3270	Training Loss: 0.2381
Evaluation: 	Epoch: 6	Time: 0.6406	Dev acc: 67.71	Dev fscore(p/r/f): (76.91/70.49/73.56)
Training: 	Epoch: 7	Time: 19.7373	Training Loss: 0.2068
Evaluation: 	Epoch: 7	Time: 0.6734	Dev acc: 66.03	Dev fscore(p/r/f): (76.48/68.82/72.45)
Training: 	Epoch: 8	Time: 21.2212	Training Loss: 0.1850
Evaluation: 	Epoch: 8	Time: 0.7417	Dev acc: 67.49	Dev fscore(p/r/f): (77.87/70.07/73.77)
Training: 	Epoch: 9	Time: 20.5219	Training Loss: 0.1664
Evaluation: 	Epoch: 9	Time: 0.7538	Dev acc: 68.38	Dev fscore(p/r/f): (77.09/71.22/74.04)
Training: 	Epoch: 10	Time: 21.6452	Training Loss: 0.1485
Evaluation: 	Epoch: 10	Time: 0.9307	Dev acc: 68.72	Dev fscore(p/r/f): (77.38/71.32/74.23)
Training: 	Epoch: 11	Time: 21.4002	Training Loss: 0.1417
Evaluation: 	Epoch: 11	Time: 0.8227	Dev acc: 67.82	Dev fscore(p/r/f): (76.28/71.43/73.77)
Training: 	Epoch: 12	Time: 20.5705	Training Loss: 0.1322
Evaluation: 	Epoch: 12	Time: 0.8394	Dev acc: 68.60	Dev fscore(p/r/f): (79.46/71.01/75.00)
Training: 	Epoch: 13	Time: 19.6269	Training Loss: 0.1293
Evaluation: 	Epoch: 13	Time: 0.7397	Dev acc: 69.05	Dev fscore(p/r/f): (77.51/71.53/74.40)
Training: 	Epoch: 14	Time: 18.8996	Training Loss: 0.1217
Evaluation: 	Epoch: 14	Time: 0.6993	Dev acc: 68.60	Dev fscore(p/r/f): (77.60/70.80/74.05)
Training: 	Epoch: 15	Time: 20.6187	Training Loss: 0.1209
Evaluation: 	Epoch: 15	Time: 0.8786	Dev acc: 67.71	Dev fscore(p/r/f): (77.78/70.07/73.72)
Training: 	Epoch: 16	Time: 17.6441	Training Loss: 0.1370
Evaluation: 	Epoch: 16	Time: 0.7798	Dev acc: 67.49	Dev fscore(p/r/f): (76.70/70.39/73.41)
Training: 	Epoch: 17	Time: 18.1704	Training Loss: 0.1400
Evaluation: 	Epoch: 17	Time: 0.7368	Dev acc: 66.15	Dev fscore(p/r/f): (76.45/68.72/72.38)
Training: 	Epoch: 18	Time: 17.6870	Training Loss: 0.1332
Evaluation: 	Epoch: 18	Time: 0.7627	Dev acc: 66.37	Dev fscore(p/r/f): (77.62/68.72/72.90)
Training: 	Epoch: 19	Time: 16.3948	Training Loss: 0.1296
Evaluation: 	Epoch: 19	Time: 0.6491	Dev acc: 67.37	Dev fscore(p/r/f): (77.05/69.66/73.17)
Training: 	Epoch: 20	Time: 15.3775	Training Loss: 0.1281
Evaluation: 	Epoch: 20	Time: 0.6432	Dev acc: 67.93	Dev fscore(p/r/f): (78.21/69.97/73.86)
Training: 	Epoch: 21	Time: 16.5471	Training Loss: 0.1238
Evaluation: 	Epoch: 21	Time: 0.6695	Dev acc: 66.93	Dev fscore(p/r/f): (77.15/69.34/73.04)
Training: 	Epoch: 22	Time: 15.7645	Training Loss: 0.1170
Evaluation: 	Epoch: 22	Time: 0.8672	Dev acc: 67.26	Dev fscore(p/r/f): (76.32/69.55/72.78)
Training: 	Epoch: 23	Time: 15.3219	Training Loss: 0.1275
Evaluation: 	Epoch: 23	Time: 0.6282	Dev acc: 67.49	Dev fscore(p/r/f): (77.18/70.18/73.51)
Training: 	Epoch: 24	Time: 14.3676	Training Loss: 0.1446
Evaluation: 	Epoch: 24	Time: 0.6287	Dev acc: 66.26	Dev fscore(p/r/f): (77.70/69.03/73.11)
Training: 	Epoch: 25	Time: 14.6972	Training Loss: 0.1548
Evaluation: 	Epoch: 25	Time: 0.7399	Dev acc: 65.70	Dev fscore(p/r/f): (77.17/68.72/72.70)
Training: 	Epoch: 26	Time: 14.7739	Training Loss: 0.1424
Evaluation: 	Epoch: 26	Time: 0.7343	Dev acc: 66.70	Dev fscore(p/r/f): (78.62/69.03/73.51)
Training: 	Epoch: 27	Time: 15.5526	Training Loss: 0.1448
Evaluation: 	Epoch: 27	Time: 0.6177	Dev acc: 69.50	Dev fscore(p/r/f): (76.67/72.99/74.79)
Training: 	Epoch: 28	Time: 15.6410	Training Loss: 0.1480
Evaluation: 	Epoch: 28	Time: 0.7223	Dev acc: 68.04	Dev fscore(p/r/f): (76.48/71.22/73.76)
Training: 	Epoch: 29	Time: 15.4828	Training Loss: 0.1307
Evaluation: 	Epoch: 29	Time: 0.6110	Dev acc: 69.50	Dev fscore(p/r/f): (77.05/72.47/74.69)
Training: 	Epoch: 30	Time: 13.8154	Training Loss: 0.1483
Evaluation: 	Epoch: 30	Time: 0.6150	Dev acc: 66.82	Dev fscore(p/r/f): (75.51/70.07/72.69)
Training: 	Epoch: 31	Time: 16.2946	Training Loss: 0.1419
Evaluation: 	Epoch: 31	Time: 0.8339	Dev acc: 64.58	Dev fscore(p/r/f): (75.85/67.47/71.41)
Training: 	Epoch: 32	Time: 18.2742	Training Loss: 0.1314
Evaluation: 	Epoch: 32	Time: 0.8322	Dev acc: 66.37	Dev fscore(p/r/f): (75.68/69.13/72.26)
Training: 	Epoch: 33	Time: 19.2350	Training Loss: 0.1227
Evaluation: 	Epoch: 33	Time: 0.9392	Dev acc: 67.26	Dev fscore(p/r/f): (78.26/70.18/74.00)
Training: 	Epoch: 34	Time: 18.4077	Training Loss: 0.1306
Evaluation: 	Epoch: 34	Time: 0.8290	Dev acc: 66.59	Dev fscore(p/r/f): (78.11/68.82/73.17)
Training: 	Epoch: 35	Time: 14.7867	Training Loss: 0.1093
Evaluation: 	Epoch: 35	Time: 0.7131	Dev acc: 65.81	Dev fscore(p/r/f): (75.26/68.82/71.90)
Training: 	Epoch: 36	Time: 14.8321	Training Loss: 0.1220
Evaluation: 	Epoch: 36	Time: 0.6105	Dev acc: 65.36	Dev fscore(p/r/f): (73.99/68.51/71.14)
Training: 	Epoch: 37	Time: 13.8868	Training Loss: 0.1175
Evaluation: 	Epoch: 37	Time: 0.7159	Dev acc: 65.14	Dev fscore(p/r/f): (75.11/68.61/71.72)
Training: 	Epoch: 38	Time: 14.9229	Training Loss: 0.1157
Evaluation: 	Epoch: 38	Time: 0.6521	Dev acc: 66.82	Dev fscore(p/r/f): (75.73/69.97/72.74)
Training: 	Epoch: 39	Time: 14.1580	Training Loss: 0.1058
Evaluation: 	Epoch: 39	Time: 0.6040	Dev acc: 66.70	Dev fscore(p/r/f): (77.80/69.45/73.39)
Training: 	Epoch: 40	Time: 13.8145	Training Loss: 0.1196
Evaluation: 	Epoch: 40	Time: 0.6059	Dev acc: 63.80	Dev fscore(p/r/f): (74.27/66.21/70.01)
Training: 	Epoch: 41	Time: 15.1921	Training Loss: 0.1236
Evaluation: 	Epoch: 41	Time: 0.8127	Dev acc: 65.14	Dev fscore(p/r/f): (73.84/68.30/70.96)
Training: 	Epoch: 42	Time: 14.9363	Training Loss: 0.1366
Evaluation: 	Epoch: 42	Time: 0.6473	Dev acc: 66.48	Dev fscore(p/r/f): (74.52/69.24/71.78)
Training: 	Epoch: 43	Time: 14.5033	Training Loss: 0.1501
Evaluation: 	Epoch: 43	Time: 0.5968	Dev acc: 65.92	Dev fscore(p/r/f): (75.26/68.20/71.55)
Training: 	Epoch: 44	Time: 13.7302	Training Loss: 0.1390
Evaluation: 	Epoch: 44	Time: 0.6013	Dev acc: 65.81	Dev fscore(p/r/f): (76.15/68.93/72.36)
Training: 	Epoch: 45	Time: 13.6303	Training Loss: 0.1375
Evaluation: 	Epoch: 45	Time: 0.6048	Dev acc: 66.48	Dev fscore(p/r/f): (75.63/69.24/72.29)
Training: 	Epoch: 46	Time: 13.4650	Training Loss: 0.1364
Evaluation: 	Epoch: 46	Time: 0.6013	Dev acc: 67.49	Dev fscore(p/r/f): (76.36/70.39/73.25)
Training: 	Epoch: 47	Time: 13.5644	Training Loss: 0.1457
Evaluation: 	Epoch: 47	Time: 0.6050	Dev acc: 66.48	Dev fscore(p/r/f): (77.86/68.93/73.12)
Training: 	Epoch: 48	Time: 15.4317	Training Loss: 0.1352
Evaluation: 	Epoch: 48	Time: 0.7651	Dev acc: 67.82	Dev fscore(p/r/f): (76.77/71.32/73.95)
Training: 	Epoch: 49	Time: 15.2661	Training Loss: 0.1414
Evaluation: 	Epoch: 49	Time: 0.7205	Dev acc: 64.47	Dev fscore(p/r/f): (75.62/67.26/71.19)
Training: 	Epoch: 50	Time: 15.4557	Training Loss: 0.1480
Evaluation: 	Epoch: 50	Time: 0.6979	Dev acc: 68.72	Dev fscore(p/r/f): (77.70/71.95/74.72)
Training: 	Epoch: 51	Time: 15.1752	Training Loss: 0.1597
Evaluation: 	Epoch: 51	Time: 0.6707	Dev acc: 66.48	Dev fscore(p/r/f): (77.00/69.13/72.86)
Training: 	Epoch: 52	Time: 14.2656	Training Loss: 0.1569
Evaluation: 	Epoch: 52	Time: 0.5978	Dev acc: 64.92	Dev fscore(p/r/f): (76.88/67.26/71.75)
Training: 	Epoch: 53	Time: 15.7222	Training Loss: 0.1606
Evaluation: 	Epoch: 53	Time: 0.5978	Dev acc: 67.37	Dev fscore(p/r/f): (75.78/70.80/73.21)
Training: 	Epoch: 54	Time: 13.6348	Training Loss: 0.1483
Evaluation: 	Epoch: 54	Time: 0.5972	Dev acc: 66.59	Dev fscore(p/r/f): (76.63/69.76/73.03)
Training: 	Epoch: 55	Time: 13.7965	Training Loss: 0.1412
Evaluation: 	Epoch: 55	Time: 0.5980	Dev acc: 65.70	Dev fscore(p/r/f): (74.71/68.09/71.25)
Training: 	Epoch: 56	Time: 15.0120	Training Loss: 0.1394
Evaluation: 	Epoch: 56	Time: 0.6935	Dev acc: 67.15	Dev fscore(p/r/f): (76.87/69.66/73.09)
Training: 	Epoch: 57	Time: 14.1601	Training Loss: 0.1458
Evaluation: 	Epoch: 57	Time: 0.7015	Dev acc: 64.80	Dev fscore(p/r/f): (75.76/67.47/71.37)
Training: 	Epoch: 58	Time: 15.2885	Training Loss: 0.1515
Evaluation: 	Epoch: 58	Time: 0.6085	Dev acc: 66.48	Dev fscore(p/r/f): (76.34/69.66/72.85)
Training: 	Epoch: 59	Time: 14.3561	Training Loss: 0.1330
Evaluation: 	Epoch: 59	Time: 0.5981	Dev acc: 67.71	Dev fscore(p/r/f): (78.10/70.28/73.98)
Training: 	Epoch: 60	Time: 14.0837	Training Loss: 0.1305
Evaluation: 	Epoch: 60	Time: 0.6332	Dev acc: 65.81	Dev fscore(p/r/f): (75.49/68.72/71.94)
Training: 	Epoch: 61	Time: 14.5411	Training Loss: 0.1289
Evaluation: 	Epoch: 61	Time: 0.6214	Dev acc: 65.81	Dev fscore(p/r/f): (76.44/67.67/71.79)
Training: 	Epoch: 62	Time: 14.0299	Training Loss: 0.1315
Evaluation: 	Epoch: 62	Time: 0.6017	Dev acc: 66.15	Dev fscore(p/r/f): (77.75/69.24/73.25)
Training: 	Epoch: 63	Time: 14.2957	Training Loss: 0.1352
Evaluation: 	Epoch: 63	Time: 0.7799	Dev acc: 65.59	Dev fscore(p/r/f): (75.60/68.51/71.88)
Training: 	Epoch: 64	Time: 16.8590	Training Loss: 0.1430
Evaluation: 	Epoch: 64	Time: 0.9408	Dev acc: 66.82	Dev fscore(p/r/f): (75.91/69.34/72.48)
Training: 	Epoch: 65	Time: 15.4085	Training Loss: 0.1416
Evaluation: 	Epoch: 65	Time: 0.6911	Dev acc: 65.92	Dev fscore(p/r/f): (74.18/67.99/70.95)
Training: 	Epoch: 66	Time: 15.0614	Training Loss: 0.1406
Evaluation: 	Epoch: 66	Time: 0.6044	Dev acc: 66.70	Dev fscore(p/r/f): (75.31/68.72/71.86)
Training: 	Epoch: 67	Time: 14.6560	Training Loss: 0.1342
Evaluation: 	Epoch: 67	Time: 0.5983	Dev acc: 65.70	Dev fscore(p/r/f): (76.84/68.51/72.44)
Training: 	Epoch: 68	Time: 15.4306	Training Loss: 0.1467
Evaluation: 	Epoch: 68	Time: 0.7700	Dev acc: 65.70	Dev fscore(p/r/f): (75.03/67.67/71.16)
Training: 	Epoch: 69	Time: 17.2275	Training Loss: 0.1628
Evaluation: 	Epoch: 69	Time: 0.7130	Dev acc: 67.26	Dev fscore(p/r/f): (74.47/69.66/71.98)
Training: 	Epoch: 70	Time: 15.2249	Training Loss: 0.1596
Evaluation: 	Epoch: 70	Time: 0.5999	Dev acc: 65.59	Dev fscore(p/r/f): (76.46/68.40/72.21)
Training: 	Epoch: 71	Time: 15.2816	Training Loss: 0.1651
Evaluation: 	Epoch: 71	Time: 0.6028	Dev acc: 64.25	Dev fscore(p/r/f): (74.34/67.67/70.85)
Training: 	Epoch: 72	Time: 15.4718	Training Loss: 0.1703
Evaluation: 	Epoch: 72	Time: 0.7155	Dev acc: 66.70	Dev fscore(p/r/f): (76.71/70.07/73.24)
Training: 	Epoch: 73	Time: 16.3646	Training Loss: 0.1582
Evaluation: 	Epoch: 73	Time: 0.7179	Dev acc: 68.83	Dev fscore(p/r/f): (76.70/71.74/74.14)
Training: 	Epoch: 74	Time: 16.3587	Training Loss: 0.1280
Evaluation: 	Epoch: 74	Time: 0.7711	Dev acc: 66.70	Dev fscore(p/r/f): (76.26/69.34/72.64)
Training: 	Epoch: 75	Time: 16.6759	Training Loss: 0.1293
Evaluation: 	Epoch: 75	Time: 0.7413	Dev acc: 67.49	Dev fscore(p/r/f): (78.09/69.86/73.75)
Training: 	Epoch: 76	Time: 16.3141	Training Loss: 0.1278
Evaluation: 	Epoch: 76	Time: 0.7196	Dev acc: 66.93	Dev fscore(p/r/f): (76.79/69.34/72.88)
Training: 	Epoch: 77	Time: 17.1019	Training Loss: 0.1268
Evaluation: 	Epoch: 77	Time: 0.9240	Dev acc: 65.14	Dev fscore(p/r/f): (74.43/68.30/71.23)
Training: 	Epoch: 78	Time: 17.5211	Training Loss: 0.1195
Evaluation: 	Epoch: 78	Time: 0.5948	Dev acc: 65.14	Dev fscore(p/r/f): (74.10/68.30/71.08)
Training: 	Epoch: 79	Time: 15.4851	Training Loss: 0.1162
Evaluation: 	Epoch: 79	Time: 0.7079	Dev acc: 64.13	Dev fscore(p/r/f): (74.39/67.26/70.65)
Training: 	Epoch: 80	Time: 16.3657	Training Loss: 0.1332
Evaluation: 	Epoch: 80	Time: 0.6059	Dev acc: 66.82	Dev fscore(p/r/f): (74.31/70.59/72.41)
Training: 	Epoch: 81	Time: 15.2211	Training Loss: 0.1531
Evaluation: 	Epoch: 81	Time: 0.7116	Dev acc: 66.03	Dev fscore(p/r/f): (74.83/68.51/71.53)
Training: 	Epoch: 82	Time: 16.5197	Training Loss: 0.1618
Evaluation: 	Epoch: 82	Time: 0.5941	Dev acc: 64.13	Dev fscore(p/r/f): (72.23/66.74/69.38)
Training: 	Epoch: 83	Time: 15.8284	Training Loss: 0.1809
Evaluation: 	Epoch: 83	Time: 0.5998	Dev acc: 65.03	Dev fscore(p/r/f): (72.69/67.99/70.26)
Training: 	Epoch: 84	Time: 15.6974	Training Loss: 0.1662
Evaluation: 	Epoch: 84	Time: 0.6017	Dev acc: 63.91	Dev fscore(p/r/f): (71.62/66.32/68.87)
Training: 	Epoch: 85	Time: 16.7520	Training Loss: 0.1502
Evaluation: 	Epoch: 85	Time: 0.9154	Dev acc: 63.69	Dev fscore(p/r/f): (73.64/66.11/69.67)
Training: 	Epoch: 86	Time: 18.1904	Training Loss: 0.1664
Evaluation: 	Epoch: 86	Time: 0.9513	Dev acc: 65.70	Dev fscore(p/r/f): (73.96/68.72/71.24)
Training: 	Epoch: 87	Time: 18.2278	Training Loss: 0.1708
Evaluation: 	Epoch: 87	Time: 0.7258	Dev acc: 64.92	Dev fscore(p/r/f): (73.20/67.78/70.38)
Training: 	Epoch: 88	Time: 17.6328	Training Loss: 0.1560
Evaluation: 	Epoch: 88	Time: 0.7187	Dev acc: 62.91	Dev fscore(p/r/f): (74.08/64.96/69.22)
Training: 	Epoch: 89	Time: 17.7666	Training Loss: 0.1438
Evaluation: 	Epoch: 89	Time: 0.7158	Dev acc: 64.47	Dev fscore(p/r/f): (74.05/66.94/70.32)
Training: 	Epoch: 90	Time: 17.5903	Training Loss: 0.1638
Evaluation: 	Epoch: 90	Time: 0.7138	Dev acc: 64.13	Dev fscore(p/r/f): (75.44/66.32/70.59)
Training: 	Epoch: 91	Time: 17.5325	Training Loss: 0.1699
Evaluation: 	Epoch: 91	Time: 0.7175	Dev acc: 65.25	Dev fscore(p/r/f): (74.97/67.15/70.85)
Training: 	Epoch: 92	Time: 16.6799	Training Loss: 0.1704
Evaluation: 	Epoch: 92	Time: 0.6019	Dev acc: 64.69	Dev fscore(p/r/f): (73.17/67.67/70.31)
Training: 	Epoch: 93	Time: 17.5117	Training Loss: 0.1691
Evaluation: 	Epoch: 93	Time: 0.7126	Dev acc: 63.24	Dev fscore(p/r/f): (73.16/66.21/69.51)
Training: 	Epoch: 94	Time: 19.1151	Training Loss: 0.1644
Evaluation: 	Epoch: 94	Time: 0.8387	Dev acc: 64.13	Dev fscore(p/r/f): (74.16/67.05/70.43)
Training: 	Epoch: 95	Time: 17.7116	Training Loss: 0.1463
Evaluation: 	Epoch: 95	Time: 0.5984	Dev acc: 64.92	Dev fscore(p/r/f): (74.77/68.30/71.39)
Training: 	Epoch: 96	Time: 17.7652	Training Loss: 0.1436
Evaluation: 	Epoch: 96	Time: 0.7050	Dev acc: 63.58	Dev fscore(p/r/f): (71.83/67.26/69.47)
Training: 	Epoch: 97	Time: 17.5983	Training Loss: 0.1533
Evaluation: 	Epoch: 97	Time: 0.7096	Dev acc: 64.36	Dev fscore(p/r/f): (74.83/66.94/70.67)
Training: 	Epoch: 98	Time: 17.1381	Training Loss: 0.1812
Evaluation: 	Epoch: 98	Time: 0.7084	Dev acc: 65.14	Dev fscore(p/r/f): (74.45/67.47/70.79)
Training: 	Epoch: 99	Time: 16.9263	Training Loss: 0.1716
Evaluation: 	Epoch: 99	Time: 0.5987	Dev acc: 64.02	Dev fscore(p/r/f): (72.43/66.01/69.07)
FINAL BEST RESULT: 	Epoch: 1	Dev loss: 0.6244	Dev acc: 69.8324	Dev fscore(p/r/f): (74.3590/72.5756/73.4565)
