nohup: ignoring input
Use GPU with index 3
Initialization finished ...
Random seed is set to 999
Use GPU with index 3
Load dataset and database finished, cost 2.1311s ...
Dataset size: train -> 5119 ; dev -> 895
Total training steps: 16000
Start training ......
Training: 	Epoch: 0	Time: 7.5461	Training Loss: 0.2563
Evaluation: 	Epoch: 0	Time: 0.4689	Dev acc: 86.48	Dev fscore(p/r/f): (98.24/87.17/92.38)
NEW BEST MODEL: 	Epoch: 0	Dev loss: 0.0268	Dev acc: 86.48	Dev fscore(p/r/f): (98.24/87.17/92.38)
Training: 	Epoch: 1	Time: 5.7642	Training Loss: 0.0335
Evaluation: 	Epoch: 1	Time: 0.3923	Dev acc: 24.58	Dev fscore(p/r/f): (26.96/71.12/39.09)
Training: 	Epoch: 2	Time: 5.7102	Training Loss: 0.4715
Evaluation: 	Epoch: 2	Time: 0.4122	Dev acc: 81.68	Dev fscore(p/r/f): (89.28/81.65/85.29)
Training: 	Epoch: 3	Time: 5.5042	Training Loss: 0.1368
Evaluation: 	Epoch: 3	Time: 0.4074	Dev acc: 85.47	Dev fscore(p/r/f): (97.17/86.03/91.26)
Training: 	Epoch: 4	Time: 5.2644	Training Loss: 0.0904
Evaluation: 	Epoch: 4	Time: 0.4061	Dev acc: 86.26	Dev fscore(p/r/f): (98.12/87.07/92.27)
Training: 	Epoch: 5	Time: 5.1471	Training Loss: 0.0793
Evaluation: 	Epoch: 5	Time: 0.4439	Dev acc: 86.26	Dev fscore(p/r/f): (97.77/86.86/91.99)
Training: 	Epoch: 6	Time: 5.1104	Training Loss: 0.0946
Evaluation: 	Epoch: 6	Time: 0.4413	Dev acc: 86.03	Dev fscore(p/r/f): (98.11/86.65/92.03)
Training: 	Epoch: 7	Time: 5.1302	Training Loss: 0.1135
Evaluation: 	Epoch: 7	Time: 0.4417	Dev acc: 84.80	Dev fscore(p/r/f): (89.46/84.05/86.67)
Training: 	Epoch: 8	Time: 5.8745	Training Loss: 0.0763
Evaluation: 	Epoch: 8	Time: 0.4448	Dev acc: 85.47	Dev fscore(p/r/f): (95.93/85.92/90.65)
Training: 	Epoch: 9	Time: 5.8804	Training Loss: 0.1217
Evaluation: 	Epoch: 9	Time: 0.4405	Dev acc: 84.36	Dev fscore(p/r/f): (93.74/84.36/88.80)
Training: 	Epoch: 10	Time: 5.8974	Training Loss: 0.1125
Evaluation: 	Epoch: 10	Time: 0.4706	Dev acc: 86.48	Dev fscore(p/r/f): (98.24/87.28/92.44)
Training: 	Epoch: 11	Time: 5.8974	Training Loss: 0.1476
Evaluation: 	Epoch: 11	Time: 0.4677	Dev acc: 86.15	Dev fscore(p/r/f): (97.75/86.24/91.63)
Training: 	Epoch: 12	Time: 5.9184	Training Loss: 0.0928
Evaluation: 	Epoch: 12	Time: 0.4654	Dev acc: 86.03	Dev fscore(p/r/f): (98.11/86.44/91.91)
Training: 	Epoch: 13	Time: 5.8946	Training Loss: 0.1223
Evaluation: 	Epoch: 13	Time: 0.4633	Dev acc: 84.13	Dev fscore(p/r/f): (95.87/82.38/88.61)
Training: 	Epoch: 14	Time: 5.8986	Training Loss: 0.1320
Evaluation: 	Epoch: 14	Time: 0.4617	Dev acc: 86.59	Dev fscore(p/r/f): (98.23/86.97/92.26)
NEW BEST MODEL: 	Epoch: 14	Dev loss: 0.0431	Dev acc: 86.59	Dev fscore(p/r/f): (98.23/86.97/92.26)
Training: 	Epoch: 15	Time: 5.1133	Training Loss: 0.1931
Evaluation: 	Epoch: 15	Time: 0.4524	Dev acc: 86.37	Dev fscore(p/r/f): (98.22/86.55/92.02)
Training: 	Epoch: 16	Time: 5.1040	Training Loss: 0.1694
Evaluation: 	Epoch: 16	Time: 0.4535	Dev acc: 83.35	Dev fscore(p/r/f): (88.44/82.17/85.19)
Training: 	Epoch: 17	Time: 5.1091	Training Loss: 0.1512
Evaluation: 	Epoch: 17	Time: 0.4458	Dev acc: 82.23	Dev fscore(p/r/f): (91.67/80.29/85.60)
Training: 	Epoch: 18	Time: 5.0961	Training Loss: 0.1051
Evaluation: 	Epoch: 18	Time: 0.4426	Dev acc: 85.14	Dev fscore(p/r/f): (94.57/85.40/89.75)
Training: 	Epoch: 19	Time: 5.1089	Training Loss: 0.0922
Evaluation: 	Epoch: 19	Time: 0.4623	Dev acc: 83.91	Dev fscore(p/r/f): (93.32/84.46/88.67)
Training: 	Epoch: 20	Time: 5.1356	Training Loss: 0.0828
Evaluation: 	Epoch: 20	Time: 0.4622	Dev acc: 80.45	Dev fscore(p/r/f): (87.57/79.35/83.26)
Training: 	Epoch: 21	Time: 5.1225	Training Loss: 0.1226
Evaluation: 	Epoch: 21	Time: 0.4547	Dev acc: 86.26	Dev fscore(p/r/f): (97.88/86.65/91.92)
Training: 	Epoch: 22	Time: 5.1038	Training Loss: 0.0768
Evaluation: 	Epoch: 22	Time: 0.4546	Dev acc: 86.48	Dev fscore(p/r/f): (98.82/87.07/92.57)
Training: 	Epoch: 23	Time: 5.1230	Training Loss: 0.0637
Evaluation: 	Epoch: 23	Time: 0.4549	Dev acc: 86.26	Dev fscore(p/r/f): (98.35/86.76/92.19)
Training: 	Epoch: 24	Time: 5.1099	Training Loss: 0.0570
Evaluation: 	Epoch: 24	Time: 0.4527	Dev acc: 86.15	Dev fscore(p/r/f): (97.76/86.55/91.81)
Training: 	Epoch: 25	Time: 5.1009	Training Loss: 0.0611
Evaluation: 	Epoch: 25	Time: 0.4493	Dev acc: 86.37	Dev fscore(p/r/f): (98.47/86.97/92.36)
Training: 	Epoch: 26	Time: 5.0968	Training Loss: 0.0560
Evaluation: 	Epoch: 26	Time: 0.4541	Dev acc: 86.48	Dev fscore(p/r/f): (97.77/86.86/91.99)
Training: 	Epoch: 27	Time: 5.1314	Training Loss: 0.0430
Evaluation: 	Epoch: 27	Time: 0.4574	Dev acc: 86.70	Dev fscore(p/r/f): (98.70/87.17/92.58)
NEW BEST MODEL: 	Epoch: 27	Dev loss: 0.0254	Dev acc: 86.70	Dev fscore(p/r/f): (98.70/87.17/92.58)
Training: 	Epoch: 28	Time: 5.1311	Training Loss: 0.0491
Evaluation: 	Epoch: 28	Time: 0.4471	Dev acc: 87.04	Dev fscore(p/r/f): (98.59/87.59/92.77)
NEW BEST MODEL: 	Epoch: 28	Dev loss: 0.0236	Dev acc: 87.04	Dev fscore(p/r/f): (98.59/87.59/92.77)
Training: 	Epoch: 29	Time: 5.1262	Training Loss: 0.0447
Evaluation: 	Epoch: 29	Time: 0.4400	Dev acc: 86.93	Dev fscore(p/r/f): (99.05/87.38/92.85)
Training: 	Epoch: 30	Time: 5.1308	Training Loss: 0.0419
Evaluation: 	Epoch: 30	Time: 0.4582	Dev acc: 85.81	Dev fscore(p/r/f): (95.93/86.03/90.71)
Training: 	Epoch: 31	Time: 5.1181	Training Loss: 0.0712
Evaluation: 	Epoch: 31	Time: 0.4548	Dev acc: 86.37	Dev fscore(p/r/f): (96.18/86.55/91.11)
Training: 	Epoch: 32	Time: 5.1019	Training Loss: 0.0474
Evaluation: 	Epoch: 32	Time: 0.4468	Dev acc: 84.47	Dev fscore(p/r/f): (93.92/85.30/89.40)
Training: 	Epoch: 33	Time: 5.1097	Training Loss: 0.0744
Evaluation: 	Epoch: 33	Time: 0.4455	Dev acc: 87.04	Dev fscore(p/r/f): (99.06/87.49/92.91)
Training: 	Epoch: 34	Time: 5.1079	Training Loss: 0.0522
Evaluation: 	Epoch: 34	Time: 0.4429	Dev acc: 86.48	Dev fscore(p/r/f): (98.70/87.07/92.52)
Training: 	Epoch: 35	Time: 5.1236	Training Loss: 0.0607
Evaluation: 	Epoch: 35	Time: 0.4537	Dev acc: 86.03	Dev fscore(p/r/f): (96.40/86.65/91.27)
Training: 	Epoch: 36	Time: 5.1167	Training Loss: 0.0772
Evaluation: 	Epoch: 36	Time: 0.4512	Dev acc: 85.47	Dev fscore(p/r/f): (95.37/85.82/90.34)
Training: 	Epoch: 37	Time: 5.1061	Training Loss: 0.0625
Evaluation: 	Epoch: 37	Time: 0.4479	Dev acc: 85.92	Dev fscore(p/r/f): (96.72/86.03/91.06)
Training: 	Epoch: 38	Time: 5.1019	Training Loss: 0.0914
Evaluation: 	Epoch: 38	Time: 0.4434	Dev acc: 86.15	Dev fscore(p/r/f): (98.11/86.76/92.09)
Training: 	Epoch: 39	Time: 5.1034	Training Loss: 0.1426
Evaluation: 	Epoch: 39	Time: 0.4549	Dev acc: 84.13	Dev fscore(p/r/f): (94.39/84.25/89.04)
Training: 	Epoch: 40	Time: 5.1144	Training Loss: 0.1510
Evaluation: 	Epoch: 40	Time: 0.4500	Dev acc: 86.15	Dev fscore(p/r/f): (97.19/86.44/91.50)
Training: 	Epoch: 41	Time: 5.1074	Training Loss: 0.0684
Evaluation: 	Epoch: 41	Time: 0.4459	Dev acc: 86.26	Dev fscore(p/r/f): (97.77/86.76/91.93)
Training: 	Epoch: 42	Time: 5.0908	Training Loss: 0.0611
Evaluation: 	Epoch: 42	Time: 0.4379	Dev acc: 86.70	Dev fscore(p/r/f): (98.70/87.07/92.52)
Training: 	Epoch: 43	Time: 5.0892	Training Loss: 0.0455
Evaluation: 	Epoch: 43	Time: 0.4504	Dev acc: 86.59	Dev fscore(p/r/f): (98.94/87.28/92.74)
Training: 	Epoch: 44	Time: 5.0965	Training Loss: 0.0519
Evaluation: 	Epoch: 44	Time: 0.4496	Dev acc: 86.93	Dev fscore(p/r/f): (99.17/87.49/92.96)
Training: 	Epoch: 45	Time: 5.0931	Training Loss: 0.0610
Evaluation: 	Epoch: 45	Time: 0.4407	Dev acc: 80.56	Dev fscore(p/r/f): (90.16/78.31/83.82)
Training: 	Epoch: 46	Time: 5.0937	Training Loss: 0.0767
Evaluation: 	Epoch: 46	Time: 0.4386	Dev acc: 86.03	Dev fscore(p/r/f): (95.94/86.24/90.83)
Training: 	Epoch: 47	Time: 5.0957	Training Loss: 0.1280
Evaluation: 	Epoch: 47	Time: 0.4638	Dev acc: 86.37	Dev fscore(p/r/f): (97.43/86.86/91.84)
Training: 	Epoch: 48	Time: 5.0992	Training Loss: 0.0672
Evaluation: 	Epoch: 48	Time: 0.4457	Dev acc: 86.37	Dev fscore(p/r/f): (97.77/86.97/92.05)
Training: 	Epoch: 49	Time: 5.0908	Training Loss: 0.0783
Evaluation: 	Epoch: 49	Time: 0.4381	Dev acc: 86.48	Dev fscore(p/r/f): (97.89/86.97/92.10)
Training: 	Epoch: 50	Time: 5.0924	Training Loss: 0.0557
Evaluation: 	Epoch: 50	Time: 0.4472	Dev acc: 86.48	Dev fscore(p/r/f): (97.54/86.86/91.89)
Training: 	Epoch: 51	Time: 5.1391	Training Loss: 0.0671
Evaluation: 	Epoch: 51	Time: 0.4461	Dev acc: 85.92	Dev fscore(p/r/f): (94.38/85.82/89.90)
Training: 	Epoch: 52	Time: 5.0961	Training Loss: 0.0701
Evaluation: 	Epoch: 52	Time: 0.4404	Dev acc: 86.93	Dev fscore(p/r/f): (99.17/87.28/92.85)
Training: 	Epoch: 53	Time: 5.1365	Training Loss: 0.1659
Evaluation: 	Epoch: 53	Time: 0.4515	Dev acc: 35.75	Dev fscore(p/r/f): (39.41/34.93/37.04)
Training: 	Epoch: 54	Time: 5.1224	Training Loss: 0.1607
Evaluation: 	Epoch: 54	Time: 0.4424	Dev acc: 85.03	Dev fscore(p/r/f): (95.96/84.25/89.73)
Training: 	Epoch: 55	Time: 5.0904	Training Loss: 0.1137
Evaluation: 	Epoch: 55	Time: 0.4448	Dev acc: 85.03	Dev fscore(p/r/f): (93.75/84.46/88.86)
Training: 	Epoch: 56	Time: 5.1074	Training Loss: 0.0971
Evaluation: 	Epoch: 56	Time: 0.4463	Dev acc: 86.26	Dev fscore(p/r/f): (98.58/86.76/92.29)
Training: 	Epoch: 57	Time: 5.0944	Training Loss: 0.0829
Evaluation: 	Epoch: 57	Time: 0.4523	Dev acc: 85.92	Dev fscore(p/r/f): (97.64/86.24/91.58)
Training: 	Epoch: 58	Time: 5.0997	Training Loss: 0.0702
Evaluation: 	Epoch: 58	Time: 0.4412	Dev acc: 84.92	Dev fscore(p/r/f): (94.76/84.88/89.55)
Training: 	Epoch: 59	Time: 5.0934	Training Loss: 0.0724
Evaluation: 	Epoch: 59	Time: 0.4458	Dev acc: 85.92	Dev fscore(p/r/f): (98.11/86.44/91.91)
Training: 	Epoch: 60	Time: 5.0933	Training Loss: 0.0601
Evaluation: 	Epoch: 60	Time: 0.4402	Dev acc: 86.48	Dev fscore(p/r/f): (98.23/86.86/92.20)
Training: 	Epoch: 61	Time: 5.0918	Training Loss: 0.0525
Evaluation: 	Epoch: 61	Time: 0.4402	Dev acc: 87.15	Dev fscore(p/r/f): (99.41/87.59/93.13)
NEW BEST MODEL: 	Epoch: 61	Dev loss: 0.0253	Dev acc: 87.15	Dev fscore(p/r/f): (99.41/87.59/93.13)
Training: 	Epoch: 62	Time: 5.1146	Training Loss: 0.0783
Evaluation: 	Epoch: 62	Time: 0.4398	Dev acc: 86.37	Dev fscore(p/r/f): (97.65/86.76/91.88)
Training: 	Epoch: 63	Time: 5.0943	Training Loss: 0.0604
Evaluation: 	Epoch: 63	Time: 0.4399	Dev acc: 86.48	Dev fscore(p/r/f): (98.35/86.76/92.19)
Training: 	Epoch: 64	Time: 5.1097	Training Loss: 0.0556
Evaluation: 	Epoch: 64	Time: 0.4698	Dev acc: 87.15	Dev fscore(p/r/f): (99.29/87.59/93.07)
Training: 	Epoch: 65	Time: 5.1355	Training Loss: 0.0411
Evaluation: 	Epoch: 65	Time: 0.4592	Dev acc: 87.04	Dev fscore(p/r/f): (98.94/87.38/92.80)
Training: 	Epoch: 66	Time: 5.1278	Training Loss: 0.0420
Evaluation: 	Epoch: 66	Time: 0.4744	Dev acc: 86.93	Dev fscore(p/r/f): (99.17/87.49/92.96)
Training: 	Epoch: 67	Time: 5.1360	Training Loss: 0.0342
Evaluation: 	Epoch: 67	Time: 0.4838	Dev acc: 87.26	Dev fscore(p/r/f): (99.53/87.90/93.36)
NEW BEST MODEL: 	Epoch: 67	Dev loss: 0.0214	Dev acc: 87.26	Dev fscore(p/r/f): (99.53/87.90/93.36)
Training: 	Epoch: 68	Time: 5.7633	Training Loss: 0.0392
Evaluation: 	Epoch: 68	Time: 0.4864	Dev acc: 86.82	Dev fscore(p/r/f): (98.94/87.49/92.86)
Training: 	Epoch: 69	Time: 6.4047	Training Loss: 0.1333
Evaluation: 	Epoch: 69	Time: 0.4695	Dev acc: 85.59	Dev fscore(p/r/f): (97.63/86.03/91.46)
Training: 	Epoch: 70	Time: 6.3980	Training Loss: 0.2011
Evaluation: 	Epoch: 70	Time: 0.4567	Dev acc: 86.93	Dev fscore(p/r/f): (99.17/87.49/92.96)
Training: 	Epoch: 71	Time: 5.0980	Training Loss: 0.1234
Evaluation: 	Epoch: 71	Time: 0.4511	Dev acc: 81.79	Dev fscore(p/r/f): (93.36/82.17/87.41)
Training: 	Epoch: 72	Time: 5.0979	Training Loss: 0.0704
Evaluation: 	Epoch: 72	Time: 0.4464	Dev acc: 86.03	Dev fscore(p/r/f): (96.50/86.34/91.14)
Training: 	Epoch: 73	Time: 5.0899	Training Loss: 0.0491
Evaluation: 	Epoch: 73	Time: 0.4385	Dev acc: 86.15	Dev fscore(p/r/f): (96.73/86.44/91.30)
Training: 	Epoch: 74	Time: 5.0865	Training Loss: 0.1006
Evaluation: 	Epoch: 74	Time: 0.4327	Dev acc: 85.92	Dev fscore(p/r/f): (95.69/85.71/90.43)
Training: 	Epoch: 75	Time: 5.0951	Training Loss: 0.1195
Evaluation: 	Epoch: 75	Time: 0.4501	Dev acc: 84.36	Dev fscore(p/r/f): (95.73/84.25/89.63)
Training: 	Epoch: 76	Time: 5.2542	Training Loss: 0.2534
Evaluation: 	Epoch: 76	Time: 0.4567	Dev acc: 85.36	Dev fscore(p/r/f): (95.23/85.30/89.99)
Training: 	Epoch: 77	Time: 5.1119	Training Loss: 0.1213
Evaluation: 	Epoch: 77	Time: 0.4552	Dev acc: 85.47	Dev fscore(p/r/f): (95.37/85.82/90.34)
Training: 	Epoch: 78	Time: 5.1081	Training Loss: 0.1076
Evaluation: 	Epoch: 78	Time: 0.4533	Dev acc: 84.80	Dev fscore(p/r/f): (94.68/85.30/89.74)
Training: 	Epoch: 79	Time: 5.1000	Training Loss: 0.1229
Evaluation: 	Epoch: 79	Time: 0.4457	Dev acc: 85.03	Dev fscore(p/r/f): (95.11/85.19/89.88)
Training: 	Epoch: 80	Time: 5.0980	Training Loss: 0.2275
Evaluation: 	Epoch: 80	Time: 0.4513	Dev acc: 77.21	Dev fscore(p/r/f): (71.46/72.58/72.01)
Training: 	Epoch: 81	Time: 5.0905	Training Loss: 0.2015
Evaluation: 	Epoch: 81	Time: 0.4427	Dev acc: 85.47	Dev fscore(p/r/f): (93.56/84.88/89.01)
Training: 	Epoch: 82	Time: 5.0982	Training Loss: 0.1004
Evaluation: 	Epoch: 82	Time: 0.4342	Dev acc: 85.36	Dev fscore(p/r/f): (94.46/85.30/89.64)
Training: 	Epoch: 83	Time: 5.1169	Training Loss: 0.0953
Evaluation: 	Epoch: 83	Time: 0.4479	Dev acc: 86.48	Dev fscore(p/r/f): (98.35/86.97/92.31)
Training: 	Epoch: 84	Time: 5.0943	Training Loss: 0.1493
Evaluation: 	Epoch: 84	Time: 0.4520	Dev acc: 85.59	Dev fscore(p/r/f): (96.14/85.71/90.63)
Training: 	Epoch: 85	Time: 5.0982	Training Loss: 0.1152
Evaluation: 	Epoch: 85	Time: 0.4467	Dev acc: 85.92	Dev fscore(p/r/f): (96.49/86.03/90.96)
Training: 	Epoch: 86	Time: 5.0911	Training Loss: 0.1123
Evaluation: 	Epoch: 86	Time: 0.4381	Dev acc: 86.37	Dev fscore(p/r/f): (98.35/86.86/92.25)
Training: 	Epoch: 87	Time: 5.0993	Training Loss: 0.1307
Evaluation: 	Epoch: 87	Time: 0.4349	Dev acc: 56.87	Dev fscore(p/r/f): (66.67/54.85/60.18)
Training: 	Epoch: 88	Time: 5.0938	Training Loss: 0.2529
Evaluation: 	Epoch: 88	Time: 0.4563	Dev acc: 86.37	Dev fscore(p/r/f): (98.46/86.76/92.24)
Training: 	Epoch: 89	Time: 5.1121	Training Loss: 0.1058
Evaluation: 	Epoch: 89	Time: 0.4548	Dev acc: 86.15	Dev fscore(p/r/f): (97.76/86.34/91.69)
Training: 	Epoch: 90	Time: 5.1132	Training Loss: 0.1033
Evaluation: 	Epoch: 90	Time: 0.4503	Dev acc: 86.59	Dev fscore(p/r/f): (98.82/86.97/92.51)
Training: 	Epoch: 91	Time: 5.1171	Training Loss: 0.0936
Evaluation: 	Epoch: 91	Time: 0.4445	Dev acc: 85.92	Dev fscore(p/r/f): (96.74/86.55/91.36)
Training: 	Epoch: 92	Time: 5.1135	Training Loss: 0.0894
Evaluation: 	Epoch: 92	Time: 0.4401	Dev acc: 86.03	Dev fscore(p/r/f): (96.26/85.92/90.80)
Training: 	Epoch: 93	Time: 5.1077	Training Loss: 0.1795
Evaluation: 	Epoch: 93	Time: 0.4502	Dev acc: 86.37	Dev fscore(p/r/f): (97.99/86.44/91.86)
Training: 	Epoch: 94	Time: 5.1059	Training Loss: 0.1013
Evaluation: 	Epoch: 94	Time: 0.4517	Dev acc: 85.59	Dev fscore(p/r/f): (95.45/85.30/90.09)
Training: 	Epoch: 95	Time: 5.0958	Training Loss: 0.1027
Evaluation: 	Epoch: 95	Time: 0.4462	Dev acc: 86.26	Dev fscore(p/r/f): (97.19/86.44/91.50)
Training: 	Epoch: 96	Time: 5.1102	Training Loss: 0.1358
Evaluation: 	Epoch: 96	Time: 0.4411	Dev acc: 83.46	Dev fscore(p/r/f): (91.01/83.42/87.05)
Training: 	Epoch: 97	Time: 5.0995	Training Loss: 0.0840
Evaluation: 	Epoch: 97	Time: 0.4488	Dev acc: 86.03	Dev fscore(p/r/f): (97.64/86.34/91.64)
Training: 	Epoch: 98	Time: 5.1026	Training Loss: 0.0724
Evaluation: 	Epoch: 98	Time: 0.4457	Dev acc: 85.59	Dev fscore(p/r/f): (95.23/85.30/89.99)
Training: 	Epoch: 99	Time: 5.0917	Training Loss: 0.0826
Evaluation: 	Epoch: 99	Time: 0.4423	Dev acc: 86.37	Dev fscore(p/r/f): (97.76/86.55/91.81)
FINAL BEST RESULT: 	Epoch: 67	Dev loss: 0.0214	Dev acc: 87.2626	Dev fscore(p/r/f): (99.5277/87.9041/93.3555)
