nohup: ignoring input
Use GPU with index 1
Initialization finished ...
Random seed is set to 999
Use GPU with index 1
Load dataset and database finished, cost 1.9710s ...
Dataset size: train -> 5119 ; dev -> 895
Total training steps: 16000
Start training ......
Training: 	Epoch: 0	Time: 6.7976	Training Loss: 0.7575
Evaluation: 	Epoch: 0	Time: 0.2571	Dev acc: 67.49	Dev fscore(p/r/f): (72.13/70.70/71.41)
NEW BEST MODEL: 	Epoch: 0	Dev loss: 0.5653	Dev acc: 67.49	Dev fscore(p/r/f): (72.13/70.70/71.41)
Training: 	Epoch: 1	Time: 5.9317	Training Loss: 0.4249
Evaluation: 	Epoch: 1	Time: 0.2883	Dev acc: 70.73	Dev fscore(p/r/f): (77.19/73.41/75.25)
NEW BEST MODEL: 	Epoch: 1	Dev loss: 0.5488	Dev acc: 70.73	Dev fscore(p/r/f): (77.19/73.41/75.25)
Training: 	Epoch: 2	Time: 5.8533	Training Loss: 0.3552
Evaluation: 	Epoch: 2	Time: 0.2854	Dev acc: 71.28	Dev fscore(p/r/f): (77.11/75.18/76.14)
NEW BEST MODEL: 	Epoch: 2	Dev loss: 0.5646	Dev acc: 71.28	Dev fscore(p/r/f): (77.11/75.18/76.14)
Training: 	Epoch: 3	Time: 5.9155	Training Loss: 0.2870
Evaluation: 	Epoch: 3	Time: 0.2847	Dev acc: 69.16	Dev fscore(p/r/f): (77.88/71.95/74.80)
Training: 	Epoch: 4	Time: 5.9533	Training Loss: 0.2485
Evaluation: 	Epoch: 4	Time: 0.2867	Dev acc: 67.71	Dev fscore(p/r/f): (76.46/70.80/73.52)
Training: 	Epoch: 5	Time: 5.9429	Training Loss: 0.2101
Evaluation: 	Epoch: 5	Time: 0.2866	Dev acc: 68.49	Dev fscore(p/r/f): (78.75/71.12/74.74)
Training: 	Epoch: 6	Time: 5.8949	Training Loss: 0.1755
Evaluation: 	Epoch: 6	Time: 0.2937	Dev acc: 70.17	Dev fscore(p/r/f): (78.62/73.62/76.04)
Training: 	Epoch: 7	Time: 5.8699	Training Loss: 0.1762
Evaluation: 	Epoch: 7	Time: 0.2865	Dev acc: 67.49	Dev fscore(p/r/f): (77.91/69.86/73.67)
Training: 	Epoch: 8	Time: 5.9057	Training Loss: 0.1330
Evaluation: 	Epoch: 8	Time: 0.2851	Dev acc: 68.83	Dev fscore(p/r/f): (79.16/70.91/74.81)
Training: 	Epoch: 9	Time: 5.9474	Training Loss: 0.1103
Evaluation: 	Epoch: 9	Time: 0.2867	Dev acc: 67.93	Dev fscore(p/r/f): (79.03/69.97/74.23)
Training: 	Epoch: 10	Time: 5.9081	Training Loss: 0.1431
Evaluation: 	Epoch: 10	Time: 0.2877	Dev acc: 67.15	Dev fscore(p/r/f): (76.31/69.86/72.95)
Training: 	Epoch: 11	Time: 5.9133	Training Loss: 0.1031
Evaluation: 	Epoch: 11	Time: 0.2897	Dev acc: 67.04	Dev fscore(p/r/f): (76.02/70.07/72.92)
Training: 	Epoch: 12	Time: 5.9480	Training Loss: 0.0741
Evaluation: 	Epoch: 12	Time: 0.2869	Dev acc: 68.60	Dev fscore(p/r/f): (75.52/72.05/73.75)
Training: 	Epoch: 13	Time: 5.9201	Training Loss: 0.0875
Evaluation: 	Epoch: 13	Time: 0.2852	Dev acc: 68.16	Dev fscore(p/r/f): (78.06/71.22/74.48)
Training: 	Epoch: 14	Time: 5.8829	Training Loss: 0.0633
Evaluation: 	Epoch: 14	Time: 0.2874	Dev acc: 69.05	Dev fscore(p/r/f): (78.07/71.64/74.71)
Training: 	Epoch: 15	Time: 5.8730	Training Loss: 0.0703
Evaluation: 	Epoch: 15	Time: 0.2922	Dev acc: 68.27	Dev fscore(p/r/f): (76.04/72.16/74.05)
Training: 	Epoch: 16	Time: 5.8063	Training Loss: 0.0814
Evaluation: 	Epoch: 16	Time: 0.2860	Dev acc: 66.48	Dev fscore(p/r/f): (75.42/69.45/72.31)
Training: 	Epoch: 17	Time: 5.9702	Training Loss: 0.0482
Evaluation: 	Epoch: 17	Time: 0.2871	Dev acc: 69.39	Dev fscore(p/r/f): (77.75/72.89/75.24)
Training: 	Epoch: 18	Time: 5.9048	Training Loss: 0.0427
Evaluation: 	Epoch: 18	Time: 0.2867	Dev acc: 68.04	Dev fscore(p/r/f): (77.73/69.86/73.59)
Training: 	Epoch: 19	Time: 5.9281	Training Loss: 0.0346
Evaluation: 	Epoch: 19	Time: 0.2852	Dev acc: 68.72	Dev fscore(p/r/f): (79.35/71.32/75.12)
Training: 	Epoch: 20	Time: 5.9258	Training Loss: 0.0299
Evaluation: 	Epoch: 20	Time: 0.2847	Dev acc: 67.93	Dev fscore(p/r/f): (78.67/70.39/74.30)
Training: 	Epoch: 21	Time: 5.9316	Training Loss: 0.0282
Evaluation: 	Epoch: 21	Time: 0.2842	Dev acc: 68.38	Dev fscore(p/r/f): (78.95/70.80/74.66)
Training: 	Epoch: 22	Time: 5.8474	Training Loss: 0.0281
Evaluation: 	Epoch: 22	Time: 0.2884	Dev acc: 62.79	Dev fscore(p/r/f): (73.55/64.65/68.81)
Training: 	Epoch: 23	Time: 5.8931	Training Loss: 0.0280
Evaluation: 	Epoch: 23	Time: 0.2911	Dev acc: 67.93	Dev fscore(p/r/f): (77.91/70.59/74.07)
Training: 	Epoch: 24	Time: 5.9258	Training Loss: 0.0259
Evaluation: 	Epoch: 24	Time: 0.2853	Dev acc: 68.27	Dev fscore(p/r/f): (78.73/71.01/74.67)
Training: 	Epoch: 25	Time: 5.9156	Training Loss: 0.0288
Evaluation: 	Epoch: 25	Time: 0.2863	Dev acc: 67.26	Dev fscore(p/r/f): (75.70/70.49/73.00)
Training: 	Epoch: 26	Time: 5.8759	Training Loss: 0.0289
Evaluation: 	Epoch: 26	Time: 0.3097	Dev acc: 67.60	Dev fscore(p/r/f): (77.50/70.39/73.77)
Training: 	Epoch: 27	Time: 5.8879	Training Loss: 0.0270
Evaluation: 	Epoch: 27	Time: 0.2863	Dev acc: 68.60	Dev fscore(p/r/f): (78.47/71.43/74.78)
Training: 	Epoch: 28	Time: 5.9097	Training Loss: 0.0635
Evaluation: 	Epoch: 28	Time: 0.2839	Dev acc: 62.79	Dev fscore(p/r/f): (74.18/66.21/69.97)
Training: 	Epoch: 29	Time: 5.8306	Training Loss: 0.1702
Evaluation: 	Epoch: 29	Time: 0.2853	Dev acc: 65.14	Dev fscore(p/r/f): (73.83/67.67/70.62)
Training: 	Epoch: 30	Time: 5.8796	Training Loss: 0.1230
Evaluation: 	Epoch: 30	Time: 0.2914	Dev acc: 68.16	Dev fscore(p/r/f): (75.63/71.85/73.69)
Training: 	Epoch: 31	Time: 5.8695	Training Loss: 0.0651
Evaluation: 	Epoch: 31	Time: 0.2861	Dev acc: 68.60	Dev fscore(p/r/f): (77.33/71.85/74.49)
Training: 	Epoch: 32	Time: 5.8420	Training Loss: 0.0413
Evaluation: 	Epoch: 32	Time: 0.2881	Dev acc: 67.71	Dev fscore(p/r/f): (77.04/71.01/73.90)
Training: 	Epoch: 33	Time: 5.8909	Training Loss: 0.0326
Evaluation: 	Epoch: 33	Time: 0.2852	Dev acc: 66.93	Dev fscore(p/r/f): (77.70/69.03/73.11)
Training: 	Epoch: 34	Time: 5.9378	Training Loss: 0.0300
Evaluation: 	Epoch: 34	Time: 0.2858	Dev acc: 68.60	Dev fscore(p/r/f): (77.98/72.37/75.07)
Training: 	Epoch: 35	Time: 5.9393	Training Loss: 0.0271
Evaluation: 	Epoch: 35	Time: 0.2878	Dev acc: 68.04	Dev fscore(p/r/f): (77.15/71.12/74.01)
Training: 	Epoch: 36	Time: 5.9455	Training Loss: 0.0261
Evaluation: 	Epoch: 36	Time: 0.2891	Dev acc: 68.16	Dev fscore(p/r/f): (77.85/71.12/74.33)
Training: 	Epoch: 37	Time: 5.9114	Training Loss: 0.0258
Evaluation: 	Epoch: 37	Time: 0.2843	Dev acc: 68.27	Dev fscore(p/r/f): (78.24/71.22/74.56)
Training: 	Epoch: 38	Time: 5.8734	Training Loss: 0.0245
Evaluation: 	Epoch: 38	Time: 0.2920	Dev acc: 67.37	Dev fscore(p/r/f): (76.97/70.39/73.53)
Training: 	Epoch: 39	Time: 5.8711	Training Loss: 0.0246
Evaluation: 	Epoch: 39	Time: 0.2852	Dev acc: 67.71	Dev fscore(p/r/f): (77.78/70.80/74.13)
Training: 	Epoch: 40	Time: 5.9464	Training Loss: 0.0250
Evaluation: 	Epoch: 40	Time: 0.2876	Dev acc: 67.37	Dev fscore(p/r/f): (77.23/69.66/73.25)
Training: 	Epoch: 41	Time: 5.8805	Training Loss: 0.0243
Evaluation: 	Epoch: 41	Time: 0.2865	Dev acc: 67.49	Dev fscore(p/r/f): (78.26/70.18/74.00)
Training: 	Epoch: 42	Time: 5.9144	Training Loss: 0.0248
Evaluation: 	Epoch: 42	Time: 0.2843	Dev acc: 67.26	Dev fscore(p/r/f): (77.64/69.86/73.55)
Training: 	Epoch: 43	Time: 5.8689	Training Loss: 0.0262
Evaluation: 	Epoch: 43	Time: 0.3087	Dev acc: 67.82	Dev fscore(p/r/f): (77.60/70.80/74.05)
Training: 	Epoch: 44	Time: 5.9687	Training Loss: 0.0257
Evaluation: 	Epoch: 44	Time: 0.2897	Dev acc: 67.60	Dev fscore(p/r/f): (77.12/70.28/73.54)
Training: 	Epoch: 45	Time: 5.9341	Training Loss: 0.0241
Evaluation: 	Epoch: 45	Time: 0.2865	Dev acc: 67.49	Dev fscore(p/r/f): (77.17/70.49/73.68)
Training: 	Epoch: 46	Time: 5.8908	Training Loss: 0.0248
Evaluation: 	Epoch: 46	Time: 0.2889	Dev acc: 67.37	Dev fscore(p/r/f): (77.15/70.07/73.44)
Training: 	Epoch: 47	Time: 5.9276	Training Loss: 0.0264
Evaluation: 	Epoch: 47	Time: 0.2909	Dev acc: 67.71	Dev fscore(p/r/f): (77.04/71.01/73.90)
Training: 	Epoch: 48	Time: 5.8427	Training Loss: 0.0243
Evaluation: 	Epoch: 48	Time: 0.2978	Dev acc: 67.60	Dev fscore(p/r/f): (77.39/71.01/74.06)
Training: 	Epoch: 49	Time: 5.8249	Training Loss: 0.0239
Evaluation: 	Epoch: 49	Time: 0.2883	Dev acc: 62.79	Dev fscore(p/r/f): (74.25/66.74/70.29)
Training: 	Epoch: 50	Time: 5.8673	Training Loss: 0.0244
Evaluation: 	Epoch: 50	Time: 0.2844	Dev acc: 67.93	Dev fscore(p/r/f): (77.69/70.80/74.09)
Training: 	Epoch: 51	Time: 5.8306	Training Loss: 0.0234
Evaluation: 	Epoch: 51	Time: 0.2883	Dev acc: 67.37	Dev fscore(p/r/f): (78.66/69.97/74.06)
Training: 	Epoch: 52	Time: 5.8784	Training Loss: 0.0226
Evaluation: 	Epoch: 52	Time: 0.2852	Dev acc: 67.26	Dev fscore(p/r/f): (76.80/70.07/73.28)
Training: 	Epoch: 53	Time: 5.9015	Training Loss: 0.0244
Evaluation: 	Epoch: 53	Time: 0.2872	Dev acc: 67.82	Dev fscore(p/r/f): (77.33/70.80/73.92)
Training: 	Epoch: 54	Time: 5.8618	Training Loss: 0.1519
Evaluation: 	Epoch: 54	Time: 0.2907	Dev acc: 61.56	Dev fscore(p/r/f): (65.05/65.59/65.32)
Training: 	Epoch: 55	Time: 5.8585	Training Loss: 0.1786
Evaluation: 	Epoch: 55	Time: 0.2866	Dev acc: 66.48	Dev fscore(p/r/f): (74.64/69.66/72.06)
Training: 	Epoch: 56	Time: 5.9621	Training Loss: 0.0654
Evaluation: 	Epoch: 56	Time: 0.2842	Dev acc: 67.04	Dev fscore(p/r/f): (76.30/70.18/73.11)
Training: 	Epoch: 57	Time: 5.8794	Training Loss: 0.0411
Evaluation: 	Epoch: 57	Time: 0.2792	Dev acc: 66.59	Dev fscore(p/r/f): (75.34/68.82/71.93)
Training: 	Epoch: 58	Time: 5.8589	Training Loss: 0.0305
Evaluation: 	Epoch: 58	Time: 0.2813	Dev acc: 68.16	Dev fscore(p/r/f): (76.85/71.64/74.15)
Training: 	Epoch: 59	Time: 5.8449	Training Loss: 0.0295
Evaluation: 	Epoch: 59	Time: 0.2842	Dev acc: 67.93	Dev fscore(p/r/f): (76.75/70.91/73.71)
Training: 	Epoch: 60	Time: 5.9059	Training Loss: 0.0256
Evaluation: 	Epoch: 60	Time: 0.2810	Dev acc: 68.16	Dev fscore(p/r/f): (77.56/71.01/74.14)
Training: 	Epoch: 61	Time: 5.7906	Training Loss: 0.0244
Evaluation: 	Epoch: 61	Time: 0.2810	Dev acc: 67.93	Dev fscore(p/r/f): (77.15/71.12/74.01)
Training: 	Epoch: 62	Time: 5.7888	Training Loss: 0.0245
Evaluation: 	Epoch: 62	Time: 0.2805	Dev acc: 68.38	Dev fscore(p/r/f): (76.88/71.43/74.05)
Training: 	Epoch: 63	Time: 5.8660	Training Loss: 0.0249
Evaluation: 	Epoch: 63	Time: 0.2824	Dev acc: 67.93	Dev fscore(p/r/f): (77.93/70.70/74.14)
Training: 	Epoch: 64	Time: 5.8469	Training Loss: 0.0248
Evaluation: 	Epoch: 64	Time: 0.2798	Dev acc: 67.71	Dev fscore(p/r/f): (76.61/70.70/73.54)
Training: 	Epoch: 65	Time: 5.8402	Training Loss: 0.0244
Evaluation: 	Epoch: 65	Time: 0.2833	Dev acc: 67.49	Dev fscore(p/r/f): (77.41/70.39/73.73)
Training: 	Epoch: 66	Time: 5.8266	Training Loss: 0.0257
Evaluation: 	Epoch: 66	Time: 0.2832	Dev acc: 67.82	Dev fscore(p/r/f): (77.54/70.91/74.07)
Training: 	Epoch: 67	Time: 5.9077	Training Loss: 0.0229
Evaluation: 	Epoch: 67	Time: 0.2809	Dev acc: 67.82	Dev fscore(p/r/f): (77.52/70.49/73.84)
Training: 	Epoch: 68	Time: 5.8602	Training Loss: 0.0244
Evaluation: 	Epoch: 68	Time: 0.2816	Dev acc: 68.60	Dev fscore(p/r/f): (77.95/71.53/74.61)
Training: 	Epoch: 69	Time: 5.8056	Training Loss: 0.0243
Evaluation: 	Epoch: 69	Time: 0.2811	Dev acc: 68.60	Dev fscore(p/r/f): (77.63/71.64/74.51)
Training: 	Epoch: 70	Time: 5.8606	Training Loss: 0.0236
Evaluation: 	Epoch: 70	Time: 0.2806	Dev acc: 67.82	Dev fscore(p/r/f): (77.55/70.59/73.91)
Training: 	Epoch: 71	Time: 5.8776	Training Loss: 0.0244
Evaluation: 	Epoch: 71	Time: 0.2841	Dev acc: 67.60	Dev fscore(p/r/f): (77.32/70.39/73.69)
Training: 	Epoch: 72	Time: 5.8543	Training Loss: 0.0253
Evaluation: 	Epoch: 72	Time: 0.2813	Dev acc: 67.82	Dev fscore(p/r/f): (77.17/70.49/73.68)
Training: 	Epoch: 73	Time: 5.8610	Training Loss: 0.0226
Evaluation: 	Epoch: 73	Time: 0.2804	Dev acc: 68.16	Dev fscore(p/r/f): (77.18/71.22/74.08)
Training: 	Epoch: 74	Time: 5.8252	Training Loss: 0.0243
Evaluation: 	Epoch: 74	Time: 0.2836	Dev acc: 67.82	Dev fscore(p/r/f): (77.71/70.91/74.15)
Training: 	Epoch: 75	Time: 5.8322	Training Loss: 0.0237
Evaluation: 	Epoch: 75	Time: 0.2805	Dev acc: 67.71	Dev fscore(p/r/f): (77.52/70.49/73.84)
Training: 	Epoch: 76	Time: 5.8491	Training Loss: 0.0252
Evaluation: 	Epoch: 76	Time: 0.2811	Dev acc: 67.49	Dev fscore(p/r/f): (78.26/70.18/74.00)
Training: 	Epoch: 77	Time: 5.8334	Training Loss: 0.0239
Evaluation: 	Epoch: 77	Time: 0.2827	Dev acc: 68.04	Dev fscore(p/r/f): (77.89/70.91/74.24)
Training: 	Epoch: 78	Time: 5.8237	Training Loss: 0.0262
Evaluation: 	Epoch: 78	Time: 0.2817	Dev acc: 68.16	Dev fscore(p/r/f): (76.88/70.39/73.49)
Training: 	Epoch: 79	Time: 5.9107	Training Loss: 0.1274
Evaluation: 	Epoch: 79	Time: 0.2810	Dev acc: 61.23	Dev fscore(p/r/f): (70.79/63.19/66.78)
Training: 	Epoch: 80	Time: 5.8450	Training Loss: 0.1242
Evaluation: 	Epoch: 80	Time: 0.2813	Dev acc: 61.79	Dev fscore(p/r/f): (69.91/65.90/67.85)
Training: 	Epoch: 81	Time: 5.8116	Training Loss: 0.0805
Evaluation: 	Epoch: 81	Time: 0.2796	Dev acc: 66.59	Dev fscore(p/r/f): (75.54/69.24/72.25)
Training: 	Epoch: 82	Time: 5.9002	Training Loss: 0.0413
Evaluation: 	Epoch: 82	Time: 0.2839	Dev acc: 66.26	Dev fscore(p/r/f): (76.65/69.13/72.70)
Training: 	Epoch: 83	Time: 5.9193	Training Loss: 0.0303
Evaluation: 	Epoch: 83	Time: 0.2831	Dev acc: 66.37	Dev fscore(p/r/f): (76.85/69.24/72.85)
Training: 	Epoch: 84	Time: 5.8389	Training Loss: 0.0269
Evaluation: 	Epoch: 84	Time: 0.2816	Dev acc: 67.15	Dev fscore(p/r/f): (77.59/70.39/73.81)
Training: 	Epoch: 85	Time: 5.7926	Training Loss: 0.0259
Evaluation: 	Epoch: 85	Time: 0.2826	Dev acc: 66.93	Dev fscore(p/r/f): (77.15/70.07/73.44)
Training: 	Epoch: 86	Time: 5.7959	Training Loss: 0.0250
Evaluation: 	Epoch: 86	Time: 0.2815	Dev acc: 67.04	Dev fscore(p/r/f): (77.17/70.49/73.68)
Training: 	Epoch: 87	Time: 5.8151	Training Loss: 0.0253
Evaluation: 	Epoch: 87	Time: 0.2822	Dev acc: 67.26	Dev fscore(p/r/f): (77.71/70.18/73.75)
Training: 	Epoch: 88	Time: 5.8475	Training Loss: 0.0249
Evaluation: 	Epoch: 88	Time: 0.2822	Dev acc: 67.26	Dev fscore(p/r/f): (77.38/70.28/73.66)
Training: 	Epoch: 89	Time: 5.8529	Training Loss: 0.0248
Evaluation: 	Epoch: 89	Time: 0.2842	Dev acc: 67.49	Dev fscore(p/r/f): (77.64/70.59/73.95)
Training: 	Epoch: 90	Time: 5.8579	Training Loss: 0.0257
Evaluation: 	Epoch: 90	Time: 0.2836	Dev acc: 67.15	Dev fscore(p/r/f): (78.06/69.76/73.68)
Training: 	Epoch: 91	Time: 5.8152	Training Loss: 0.0254
Evaluation: 	Epoch: 91	Time: 0.2819	Dev acc: 67.04	Dev fscore(p/r/f): (77.17/70.49/73.68)
Training: 	Epoch: 92	Time: 5.8143	Training Loss: 0.0244
Evaluation: 	Epoch: 92	Time: 0.2829	Dev acc: 66.93	Dev fscore(p/r/f): (76.48/70.18/73.19)
Training: 	Epoch: 93	Time: 5.8978	Training Loss: 0.0242
Evaluation: 	Epoch: 93	Time: 0.2814	Dev acc: 67.04	Dev fscore(p/r/f): (76.86/69.97/73.25)
Training: 	Epoch: 94	Time: 6.6320	Training Loss: 0.0263
Evaluation: 	Epoch: 94	Time: 0.2820	Dev acc: 67.37	Dev fscore(p/r/f): (77.29/70.28/73.62)
Training: 	Epoch: 95	Time: 7.0155	Training Loss: 0.0261
Evaluation: 	Epoch: 95	Time: 0.2849	Dev acc: 67.49	Dev fscore(p/r/f): (77.74/70.28/73.82)
Training: 	Epoch: 96	Time: 7.0995	Training Loss: 0.0239
Evaluation: 	Epoch: 96	Time: 0.2828	Dev acc: 66.59	Dev fscore(p/r/f): (76.63/69.76/73.03)
Training: 	Epoch: 97	Time: 7.1776	Training Loss: 0.0252
Evaluation: 	Epoch: 97	Time: 0.2849	Dev acc: 67.15	Dev fscore(p/r/f): (78.31/70.39/74.14)
Training: 	Epoch: 98	Time: 7.0932	Training Loss: 0.0242
Evaluation: 	Epoch: 98	Time: 0.2825	Dev acc: 66.37	Dev fscore(p/r/f): (76.46/69.45/72.79)
Training: 	Epoch: 99	Time: 7.0081	Training Loss: 0.0235
Evaluation: 	Epoch: 99	Time: 0.2819	Dev acc: 66.93	Dev fscore(p/r/f): (77.57/69.97/73.57)
FINAL BEST RESULT: 	Epoch: 2	Dev loss: 0.5646	Dev acc: 71.2849	Dev fscore(p/r/f): (77.1123/75.1825/76.1352)
