nohup: ignoring input
Use GPU with index 1
Initialization finished ...
Random seed is set to 999
Use GPU with index 1
Load dataset and database finished, cost 2.0020s ...
Dataset size: train -> 5119 ; dev -> 895
Total training steps: 16000
Start training ......
Training: 	Epoch: 0	Time: 7.0066	Training Loss: 0.8080
Evaluation: 	Epoch: 0	Time: 0.2374	Dev acc: 69.39	Dev fscore(p/r/f): (76.09/72.68/74.35)
NEW BEST MODEL: 	Epoch: 0	Dev loss: 0.5926	Dev acc: 69.39	Dev fscore(p/r/f): (76.09/72.68/74.35)
Training: 	Epoch: 1	Time: 6.1580	Training Loss: 0.3891
Evaluation: 	Epoch: 1	Time: 0.2577	Dev acc: 69.05	Dev fscore(p/r/f): (78.59/71.95/75.12)
Training: 	Epoch: 2	Time: 6.1214	Training Loss: 0.2961
Evaluation: 	Epoch: 2	Time: 0.2568	Dev acc: 70.28	Dev fscore(p/r/f): (76.67/74.04/75.33)
NEW BEST MODEL: 	Epoch: 2	Dev loss: 0.6258	Dev acc: 70.28	Dev fscore(p/r/f): (76.67/74.04/75.33)
Training: 	Epoch: 3	Time: 6.1716	Training Loss: 0.2256
Evaluation: 	Epoch: 3	Time: 0.2572	Dev acc: 69.16	Dev fscore(p/r/f): (80.40/71.85/75.88)
Training: 	Epoch: 4	Time: 6.1839	Training Loss: 0.1691
Evaluation: 	Epoch: 4	Time: 0.2557	Dev acc: 69.94	Dev fscore(p/r/f): (81.68/72.99/77.09)
Training: 	Epoch: 5	Time: 6.1575	Training Loss: 0.1299
Evaluation: 	Epoch: 5	Time: 0.2565	Dev acc: 69.27	Dev fscore(p/r/f): (80.11/73.10/76.44)
Training: 	Epoch: 6	Time: 6.1365	Training Loss: 0.1007
Evaluation: 	Epoch: 6	Time: 0.2546	Dev acc: 70.17	Dev fscore(p/r/f): (82.26/72.99/77.35)
Training: 	Epoch: 7	Time: 6.1353	Training Loss: 0.0829
Evaluation: 	Epoch: 7	Time: 0.2560	Dev acc: 70.17	Dev fscore(p/r/f): (79.78/74.04/76.80)
Training: 	Epoch: 8	Time: 6.1639	Training Loss: 0.0647
Evaluation: 	Epoch: 8	Time: 0.2354	Dev acc: 69.27	Dev fscore(p/r/f): (79.98/72.47/76.04)
Training: 	Epoch: 9	Time: 6.0919	Training Loss: 0.0544
Evaluation: 	Epoch: 9	Time: 0.2576	Dev acc: 69.16	Dev fscore(p/r/f): (80.26/72.05/75.93)
Training: 	Epoch: 10	Time: 6.1410	Training Loss: 0.0455
Evaluation: 	Epoch: 10	Time: 0.2547	Dev acc: 70.84	Dev fscore(p/r/f): (80.59/73.62/76.95)
NEW BEST MODEL: 	Epoch: 10	Dev loss: 1.0832	Dev acc: 70.84	Dev fscore(p/r/f): (80.59/73.62/76.95)
Training: 	Epoch: 11	Time: 6.1415	Training Loss: 0.0392
Evaluation: 	Epoch: 11	Time: 0.2544	Dev acc: 69.05	Dev fscore(p/r/f): (80.12/72.26/75.99)
Training: 	Epoch: 12	Time: 6.1142	Training Loss: 0.0353
Evaluation: 	Epoch: 12	Time: 0.2547	Dev acc: 69.05	Dev fscore(p/r/f): (78.91/72.58/75.61)
Training: 	Epoch: 13	Time: 6.1060	Training Loss: 0.0343
Evaluation: 	Epoch: 13	Time: 0.2551	Dev acc: 68.72	Dev fscore(p/r/f): (81.29/72.05/76.40)
Training: 	Epoch: 14	Time: 6.0701	Training Loss: 0.0334
Evaluation: 	Epoch: 14	Time: 0.2527	Dev acc: 69.94	Dev fscore(p/r/f): (79.19/72.99/75.96)
Training: 	Epoch: 15	Time: 6.1077	Training Loss: 0.0325
Evaluation: 	Epoch: 15	Time: 0.2573	Dev acc: 67.93	Dev fscore(p/r/f): (80.38/71.32/75.58)
Training: 	Epoch: 16	Time: 6.0323	Training Loss: 0.0291
Evaluation: 	Epoch: 16	Time: 0.2622	Dev acc: 69.72	Dev fscore(p/r/f): (79.79/72.89/76.19)
Training: 	Epoch: 17	Time: 6.1979	Training Loss: 0.0260
Evaluation: 	Epoch: 17	Time: 0.2589	Dev acc: 68.38	Dev fscore(p/r/f): (78.88/72.05/75.31)
Training: 	Epoch: 18	Time: 6.0894	Training Loss: 0.0256
Evaluation: 	Epoch: 18	Time: 0.2673	Dev acc: 69.05	Dev fscore(p/r/f): (79.54/72.16/75.67)
Training: 	Epoch: 19	Time: 6.0885	Training Loss: 0.0265
Evaluation: 	Epoch: 19	Time: 0.2545	Dev acc: 69.27	Dev fscore(p/r/f): (80.51/71.95/75.99)
Training: 	Epoch: 20	Time: 6.1132	Training Loss: 0.0994
Evaluation: 	Epoch: 20	Time: 0.2582	Dev acc: 67.60	Dev fscore(p/r/f): (78.43/69.76/73.84)
Training: 	Epoch: 21	Time: 6.1434	Training Loss: 0.0843
Evaluation: 	Epoch: 21	Time: 0.2538	Dev acc: 67.37	Dev fscore(p/r/f): (77.30/69.97/73.45)
Training: 	Epoch: 22	Time: 6.0380	Training Loss: 0.0452
Evaluation: 	Epoch: 22	Time: 0.2551	Dev acc: 68.27	Dev fscore(p/r/f): (78.77/70.80/74.57)
Training: 	Epoch: 23	Time: 6.1490	Training Loss: 0.0298
Evaluation: 	Epoch: 23	Time: 0.2605	Dev acc: 69.16	Dev fscore(p/r/f): (78.31/72.68/75.39)
Training: 	Epoch: 24	Time: 6.1185	Training Loss: 0.0275
Evaluation: 	Epoch: 24	Time: 0.2543	Dev acc: 69.05	Dev fscore(p/r/f): (78.68/72.37/75.39)
Training: 	Epoch: 25	Time: 6.0879	Training Loss: 0.0255
Evaluation: 	Epoch: 25	Time: 0.2569	Dev acc: 69.27	Dev fscore(p/r/f): (79.13/72.37/75.60)
Training: 	Epoch: 26	Time: 6.0830	Training Loss: 0.0235
Evaluation: 	Epoch: 26	Time: 0.2551	Dev acc: 69.83	Dev fscore(p/r/f): (79.28/72.99/76.00)
Training: 	Epoch: 27	Time: 6.0440	Training Loss: 0.0229
Evaluation: 	Epoch: 27	Time: 0.2543	Dev acc: 69.39	Dev fscore(p/r/f): (79.41/72.37/75.72)
Training: 	Epoch: 28	Time: 6.1070	Training Loss: 0.0230
Evaluation: 	Epoch: 28	Time: 0.2554	Dev acc: 69.27	Dev fscore(p/r/f): (79.23/72.78/75.87)
Training: 	Epoch: 29	Time: 6.0789	Training Loss: 0.0231
Evaluation: 	Epoch: 29	Time: 0.2536	Dev acc: 68.94	Dev fscore(p/r/f): (79.54/72.16/75.67)
Training: 	Epoch: 30	Time: 6.0481	Training Loss: 0.0228
Evaluation: 	Epoch: 30	Time: 0.2553	Dev acc: 68.94	Dev fscore(p/r/f): (78.84/72.26/75.41)
Training: 	Epoch: 31	Time: 5.9873	Training Loss: 0.0232
Evaluation: 	Epoch: 31	Time: 0.2347	Dev acc: 69.27	Dev fscore(p/r/f): (79.63/72.58/75.94)
Training: 	Epoch: 32	Time: 5.8497	Training Loss: 0.0223
Evaluation: 	Epoch: 32	Time: 0.2696	Dev acc: 69.72	Dev fscore(p/r/f): (79.39/73.10/76.11)
Training: 	Epoch: 33	Time: 6.0766	Training Loss: 0.0230
Evaluation: 	Epoch: 33	Time: 0.2622	Dev acc: 69.27	Dev fscore(p/r/f): (80.23/72.37/76.10)
Training: 	Epoch: 34	Time: 6.1617	Training Loss: 0.0229
Evaluation: 	Epoch: 34	Time: 0.2601	Dev acc: 69.83	Dev fscore(p/r/f): (78.81/73.31/75.96)
Training: 	Epoch: 35	Time: 6.1233	Training Loss: 0.0229
Evaluation: 	Epoch: 35	Time: 0.2574	Dev acc: 69.05	Dev fscore(p/r/f): (79.86/71.95/75.70)
Training: 	Epoch: 36	Time: 6.1393	Training Loss: 0.0232
Evaluation: 	Epoch: 36	Time: 0.2572	Dev acc: 69.16	Dev fscore(p/r/f): (79.82/72.58/76.02)
Training: 	Epoch: 37	Time: 6.1263	Training Loss: 0.0231
Evaluation: 	Epoch: 37	Time: 0.2549	Dev acc: 68.94	Dev fscore(p/r/f): (79.54/71.74/75.44)
Training: 	Epoch: 38	Time: 6.0835	Training Loss: 0.0223
Evaluation: 	Epoch: 38	Time: 0.2556	Dev acc: 69.72	Dev fscore(p/r/f): (79.44/73.31/76.25)
Training: 	Epoch: 39	Time: 6.0940	Training Loss: 0.0223
Evaluation: 	Epoch: 39	Time: 0.2558	Dev acc: 69.39	Dev fscore(p/r/f): (80.18/72.58/76.19)
Training: 	Epoch: 40	Time: 6.1285	Training Loss: 0.0223
Evaluation: 	Epoch: 40	Time: 0.2543	Dev acc: 68.94	Dev fscore(p/r/f): (79.93/72.26/75.90)
Training: 	Epoch: 41	Time: 6.1314	Training Loss: 0.0229
Evaluation: 	Epoch: 41	Time: 0.2576	Dev acc: 68.60	Dev fscore(p/r/f): (79.93/71.43/75.44)
Training: 	Epoch: 42	Time: 6.0942	Training Loss: 0.0220
Evaluation: 	Epoch: 42	Time: 0.2549	Dev acc: 68.60	Dev fscore(p/r/f): (79.08/71.74/75.23)
Training: 	Epoch: 43	Time: 6.0594	Training Loss: 0.0225
Evaluation: 	Epoch: 43	Time: 0.2552	Dev acc: 68.83	Dev fscore(p/r/f): (79.75/71.85/75.59)
Training: 	Epoch: 44	Time: 6.1711	Training Loss: 0.0232
Evaluation: 	Epoch: 44	Time: 0.2567	Dev acc: 69.83	Dev fscore(p/r/f): (80.11/73.10/76.44)
Training: 	Epoch: 45	Time: 6.1469	Training Loss: 0.0324
Evaluation: 	Epoch: 45	Time: 0.2576	Dev acc: 66.93	Dev fscore(p/r/f): (75.20/70.18/72.60)
Training: 	Epoch: 46	Time: 6.0959	Training Loss: 0.1190
Evaluation: 	Epoch: 46	Time: 0.2574	Dev acc: 69.05	Dev fscore(p/r/f): (79.43/72.05/75.56)
Training: 	Epoch: 47	Time: 6.2026	Training Loss: 0.0575
Evaluation: 	Epoch: 47	Time: 0.2546	Dev acc: 68.94	Dev fscore(p/r/f): (80.49/71.43/75.69)
Training: 	Epoch: 48	Time: 6.0603	Training Loss: 0.0323
Evaluation: 	Epoch: 48	Time: 0.2575	Dev acc: 70.17	Dev fscore(p/r/f): (81.74/73.31/77.30)
Training: 	Epoch: 49	Time: 6.0621	Training Loss: 0.0241
Evaluation: 	Epoch: 49	Time: 0.2557	Dev acc: 65.47	Dev fscore(p/r/f): (78.34/69.76/73.80)
Training: 	Epoch: 50	Time: 6.1118	Training Loss: 0.0254
Evaluation: 	Epoch: 50	Time: 0.2550	Dev acc: 70.39	Dev fscore(p/r/f): (82.03/73.31/77.42)
Training: 	Epoch: 51	Time: 6.1264	Training Loss: 0.0227
Evaluation: 	Epoch: 51	Time: 0.2554	Dev acc: 70.50	Dev fscore(p/r/f): (82.57/73.10/77.54)
Training: 	Epoch: 52	Time: 6.0954	Training Loss: 0.0215
Evaluation: 	Epoch: 52	Time: 0.2551	Dev acc: 70.28	Dev fscore(p/r/f): (82.24/72.89/77.28)
Training: 	Epoch: 53	Time: 6.1519	Training Loss: 0.0218
Evaluation: 	Epoch: 53	Time: 0.2579	Dev acc: 70.17	Dev fscore(p/r/f): (81.42/73.10/77.03)
Training: 	Epoch: 54	Time: 6.0932	Training Loss: 0.0230
Evaluation: 	Epoch: 54	Time: 0.2671	Dev acc: 70.17	Dev fscore(p/r/f): (83.04/72.99/77.69)
Training: 	Epoch: 55	Time: 6.0660	Training Loss: 0.0222
Evaluation: 	Epoch: 55	Time: 0.2604	Dev acc: 70.28	Dev fscore(p/r/f): (82.55/72.99/77.48)
Training: 	Epoch: 56	Time: 6.1771	Training Loss: 0.0215
Evaluation: 	Epoch: 56	Time: 0.2572	Dev acc: 69.72	Dev fscore(p/r/f): (82.74/72.47/77.27)
Training: 	Epoch: 57	Time: 6.1120	Training Loss: 0.0213
Evaluation: 	Epoch: 57	Time: 0.2553	Dev acc: 70.39	Dev fscore(p/r/f): (80.88/73.20/76.85)
Training: 	Epoch: 58	Time: 6.1500	Training Loss: 0.0216
Evaluation: 	Epoch: 58	Time: 0.2586	Dev acc: 70.17	Dev fscore(p/r/f): (82.82/72.89/77.54)
Training: 	Epoch: 59	Time: 6.1301	Training Loss: 0.0223
Evaluation: 	Epoch: 59	Time: 0.2547	Dev acc: 70.17	Dev fscore(p/r/f): (81.75/72.89/77.07)
Training: 	Epoch: 60	Time: 6.2045	Training Loss: 0.0212
Evaluation: 	Epoch: 60	Time: 0.2557	Dev acc: 69.61	Dev fscore(p/r/f): (82.23/72.37/76.98)
Training: 	Epoch: 61	Time: 6.1111	Training Loss: 0.0217
Evaluation: 	Epoch: 61	Time: 0.2538	Dev acc: 69.72	Dev fscore(p/r/f): (82.29/72.68/77.19)
Training: 	Epoch: 62	Time: 6.1826	Training Loss: 0.0216
Evaluation: 	Epoch: 62	Time: 0.2557	Dev acc: 70.61	Dev fscore(p/r/f): (80.83/73.41/76.94)
Training: 	Epoch: 63	Time: 6.6797	Training Loss: 0.0213
Evaluation: 	Epoch: 63	Time: 0.3338	Dev acc: 69.83	Dev fscore(p/r/f): (82.46/72.58/77.20)
Training: 	Epoch: 64	Time: 6.7982	Training Loss: 0.0211
Evaluation: 	Epoch: 64	Time: 0.3272	Dev acc: 70.39	Dev fscore(p/r/f): (81.55/73.31/77.21)
Training: 	Epoch: 65	Time: 6.8250	Training Loss: 0.0207
Evaluation: 	Epoch: 65	Time: 0.3245	Dev acc: 69.16	Dev fscore(p/r/f): (81.46/71.95/76.41)
Training: 	Epoch: 66	Time: 6.7750	Training Loss: 0.0220
Evaluation: 	Epoch: 66	Time: 0.3320	Dev acc: 70.28	Dev fscore(p/r/f): (82.53/72.89/77.41)
Training: 	Epoch: 67	Time: 6.8365	Training Loss: 0.0209
Evaluation: 	Epoch: 67	Time: 0.3250	Dev acc: 69.72	Dev fscore(p/r/f): (80.98/72.37/76.43)
Training: 	Epoch: 68	Time: 6.8023	Training Loss: 0.0218
Evaluation: 	Epoch: 68	Time: 0.3239	Dev acc: 70.28	Dev fscore(p/r/f): (82.47/73.10/77.50)
Training: 	Epoch: 69	Time: 6.8192	Training Loss: 0.0210
Evaluation: 	Epoch: 69	Time: 0.3320	Dev acc: 70.28	Dev fscore(p/r/f): (81.46/73.31/77.17)
Training: 	Epoch: 70	Time: 6.8090	Training Loss: 0.0219
Evaluation: 	Epoch: 70	Time: 0.3265	Dev acc: 70.06	Dev fscore(p/r/f): (82.10/72.68/77.10)
Training: 	Epoch: 71	Time: 6.7951	Training Loss: 0.0217
Evaluation: 	Epoch: 71	Time: 0.3260	Dev acc: 69.61	Dev fscore(p/r/f): (81.95/71.95/76.62)
Training: 	Epoch: 72	Time: 6.8210	Training Loss: 0.0221
Evaluation: 	Epoch: 72	Time: 0.3232	Dev acc: 70.17	Dev fscore(p/r/f): (82.00/72.68/77.06)
Training: 	Epoch: 73	Time: 6.8383	Training Loss: 0.0210
Evaluation: 	Epoch: 73	Time: 0.3246	Dev acc: 69.83	Dev fscore(p/r/f): (81.47/72.89/76.94)
Training: 	Epoch: 74	Time: 6.7220	Training Loss: 0.0217
Evaluation: 	Epoch: 74	Time: 0.3247	Dev acc: 70.50	Dev fscore(p/r/f): (82.45/72.99/77.43)
Training: 	Epoch: 75	Time: 6.7739	Training Loss: 0.0240
Evaluation: 	Epoch: 75	Time: 0.3281	Dev acc: 69.16	Dev fscore(p/r/f): (80.33/71.95/75.91)
Training: 	Epoch: 76	Time: 6.7787	Training Loss: 0.0608
Evaluation: 	Epoch: 76	Time: 0.3346	Dev acc: 69.72	Dev fscore(p/r/f): (78.88/73.20/75.93)
Training: 	Epoch: 77	Time: 6.7842	Training Loss: 0.0709
Evaluation: 	Epoch: 77	Time: 0.3266	Dev acc: 67.71	Dev fscore(p/r/f): (76.88/71.43/74.05)
Training: 	Epoch: 78	Time: 6.8083	Training Loss: 0.0360
Evaluation: 	Epoch: 78	Time: 0.3259	Dev acc: 67.71	Dev fscore(p/r/f): (79.25/70.49/74.61)
Training: 	Epoch: 79	Time: 6.8342	Training Loss: 0.0242
Evaluation: 	Epoch: 79	Time: 0.3310	Dev acc: 68.38	Dev fscore(p/r/f): (79.15/71.64/75.21)
Training: 	Epoch: 80	Time: 6.7646	Training Loss: 0.0228
Evaluation: 	Epoch: 80	Time: 0.3261	Dev acc: 69.27	Dev fscore(p/r/f): (79.86/72.78/76.16)
Training: 	Epoch: 81	Time: 6.7461	Training Loss: 0.0222
Evaluation: 	Epoch: 81	Time: 0.3264	Dev acc: 69.39	Dev fscore(p/r/f): (80.84/72.16/76.25)
Training: 	Epoch: 82	Time: 6.8754	Training Loss: 0.0221
Evaluation: 	Epoch: 82	Time: 0.3280	Dev acc: 68.83	Dev fscore(p/r/f): (79.84/71.85/75.63)
Training: 	Epoch: 83	Time: 6.5251	Training Loss: 0.0213
Evaluation: 	Epoch: 83	Time: 0.2635	Dev acc: 69.05	Dev fscore(p/r/f): (80.05/71.95/75.78)
Training: 	Epoch: 84	Time: 6.1958	Training Loss: 0.0210
Evaluation: 	Epoch: 84	Time: 0.2622	Dev acc: 69.39	Dev fscore(p/r/f): (80.37/72.99/76.50)
Training: 	Epoch: 85	Time: 6.0919	Training Loss: 0.0211
Evaluation: 	Epoch: 85	Time: 0.2595	Dev acc: 69.39	Dev fscore(p/r/f): (79.59/72.37/75.81)
Training: 	Epoch: 86	Time: 6.1193	Training Loss: 0.0219
Evaluation: 	Epoch: 86	Time: 0.2555	Dev acc: 69.39	Dev fscore(p/r/f): (79.59/72.78/76.03)
Training: 	Epoch: 87	Time: 6.1329	Training Loss: 0.0209
Evaluation: 	Epoch: 87	Time: 0.2567	Dev acc: 69.16	Dev fscore(p/r/f): (79.73/72.58/75.98)
Training: 	Epoch: 88	Time: 6.1455	Training Loss: 0.0212
Evaluation: 	Epoch: 88	Time: 0.2542	Dev acc: 69.05	Dev fscore(p/r/f): (80.30/71.85/75.84)
Training: 	Epoch: 89	Time: 6.1275	Training Loss: 0.0213
Evaluation: 	Epoch: 89	Time: 0.2536	Dev acc: 69.27	Dev fscore(p/r/f): (79.82/72.58/76.02)
Training: 	Epoch: 90	Time: 6.1172	Training Loss: 0.0219
Evaluation: 	Epoch: 90	Time: 0.2574	Dev acc: 69.27	Dev fscore(p/r/f): (80.28/72.58/76.23)
Training: 	Epoch: 91	Time: 6.0691	Training Loss: 0.0213
Evaluation: 	Epoch: 91	Time: 0.2543	Dev acc: 69.39	Dev fscore(p/r/f): (79.98/72.89/76.27)
Training: 	Epoch: 92	Time: 6.1326	Training Loss: 0.0210
Evaluation: 	Epoch: 92	Time: 0.2531	Dev acc: 69.16	Dev fscore(p/r/f): (79.59/72.78/76.03)
Training: 	Epoch: 93	Time: 6.1807	Training Loss: 0.0212
Evaluation: 	Epoch: 93	Time: 0.2540	Dev acc: 69.39	Dev fscore(p/r/f): (80.21/72.26/76.03)
Training: 	Epoch: 94	Time: 6.1233	Training Loss: 0.0220
Evaluation: 	Epoch: 94	Time: 0.2534	Dev acc: 69.50	Dev fscore(p/r/f): (80.25/72.47/76.16)
Training: 	Epoch: 95	Time: 6.0690	Training Loss: 0.0222
Evaluation: 	Epoch: 95	Time: 0.2562	Dev acc: 69.05	Dev fscore(p/r/f): (80.42/71.95/75.95)
Training: 	Epoch: 96	Time: 6.1380	Training Loss: 0.0211
Evaluation: 	Epoch: 96	Time: 0.2540	Dev acc: 69.16	Dev fscore(p/r/f): (80.21/72.26/76.03)
Training: 	Epoch: 97	Time: 6.2225	Training Loss: 0.0215
Evaluation: 	Epoch: 97	Time: 0.2613	Dev acc: 69.27	Dev fscore(p/r/f): (79.95/72.78/76.20)
Training: 	Epoch: 98	Time: 6.2203	Training Loss: 0.0213
Evaluation: 	Epoch: 98	Time: 0.2531	Dev acc: 69.39	Dev fscore(p/r/f): (80.28/72.58/76.23)
Training: 	Epoch: 99	Time: 6.1029	Training Loss: 0.0212
Evaluation: 	Epoch: 99	Time: 0.2567	Dev acc: 68.94	Dev fscore(p/r/f): (79.56/71.85/75.51)
FINAL BEST RESULT: 	Epoch: 10	Dev loss: 1.0832	Dev acc: 70.8380	Dev fscore(p/r/f): (80.5936/73.6184/76.9482)
